\BOOKMARK [1][-]{section.1}{\376\377\000I\000n\000t\000r\000o\000d\000u\000c\000t\000i\000o\000n}{}% 1
\BOOKMARK [1][-]{section.2}{\376\377\000P\000r\000o\000j\000e\000c\000t\000\040\000A\000i\000m\000s}{}% 2
\BOOKMARK [2][-]{subsection.2.1}{\376\377\000P\000r\000i\000m\000a\000r\000y\000\040\000O\000b\000j\000e\000c\000t\000i\000v\000e\000s}{section.2}% 3
\BOOKMARK [3][-]{subsubsection.2.1.1}{\376\377\000R\000o\000b\000o\000t\000\040\000D\000e\000s\000i\000g\000n}{subsection.2.1}% 4
\BOOKMARK [3][-]{subsubsection.2.1.2}{\376\377\000B\000o\000d\000y\000\040\000M\000o\000v\000e\000m\000e\000n\000t}{subsection.2.1}% 5
\BOOKMARK [3][-]{subsubsection.2.1.3}{\376\377\000T\000a\000i\000l\000\040\000M\000o\000v\000e\000m\000e\000n\000t}{subsection.2.1}% 6
\BOOKMARK [3][-]{subsubsection.2.1.4}{\376\377\000L\000e\000g\000\040\000M\000o\000v\000e\000m\000e\000n\000t}{subsection.2.1}% 7
\BOOKMARK [3][-]{subsubsection.2.1.5}{\376\377\000G\000e\000n\000e\000t\000i\000c\000\040\000A\000l\000g\000o\000r\000i\000t\000h\000m}{subsection.2.1}% 8
\BOOKMARK [3][-]{subsubsection.2.1.6}{\376\377\000D\000y\000n\000a\000m\000i\000c\000\040\000M\000o\000v\000e\000m\000e\000n\000t}{subsection.2.1}% 9
\BOOKMARK [3][-]{subsubsection.2.1.7}{\376\377\000T\000e\000r\000r\000a\000i\000n\000\040\000G\000e\000n\000e\000r\000a\000t\000i\000o\000n}{subsection.2.1}% 10
\BOOKMARK [2][-]{subsection.2.2}{\376\377\000E\000x\000t\000e\000n\000s\000i\000o\000n\000\040\000O\000b\000j\000e\000c\000t\000i\000v\000e\000s}{section.2}% 11
\BOOKMARK [3][-]{subsubsection.2.2.1}{\376\377\000V\000i\000s\000i\000o\000n}{subsection.2.2}% 12
\BOOKMARK [1][-]{section.3}{\376\377\000P\000r\000o\000j\000e\000c\000t\000\040\000R\000e\000l\000e\000v\000a\000n\000c\000e}{}% 13
\BOOKMARK [2][-]{subsection.3.1}{\376\377\000M\000o\000d\000u\000l\000a\000r\000\040\000S\000n\000a\000k\000e\000\040\000R\000o\000b\000o\000t}{section.3}% 14
\BOOKMARK [2][-]{subsection.3.2}{\376\377\000A\000g\000a\000m\000a\000\040\000R\000o\000b\000o\000t}{section.3}% 15
\BOOKMARK [2][-]{subsection.3.3}{\376\377\000S\000a\000l\000a\000m\000a\000n\000d\000r\000a\000\040\000R\000o\000b\000o\000t\000i\000c\000a\000\040\000I\000I}{section.3}% 16
\BOOKMARK [2][-]{subsection.3.4}{\376\377\000E\000v\000o\000l\000u\000t\000i\000o\000n\000\040\000G\000y\000m}{section.3}% 17
\BOOKMARK [1][-]{section.4}{\376\377\000R\000e\000q\000u\000i\000r\000e\000m\000e\000n\000t\000s\000\040\000A\000n\000a\000l\000y\000s\000i\000s}{}% 18
\BOOKMARK [2][-]{subsection.4.1}{\376\377\000F\000u\000n\000c\000t\000i\000o\000n\000a\000l\000\040\000R\000e\000q\000u\000i\000r\000e\000m\000e\000n\000t\000s}{section.4}% 19
\BOOKMARK [3][-]{subsubsection.4.1.1}{\376\377\000R\000e\000a\000l\000i\000s\000t\000i\000c\000\040\000P\000h\000y\000s\000i\000c\000s}{subsection.4.1}% 20
\BOOKMARK [3][-]{subsubsection.4.1.2}{\376\377\000T\000r\000a\000n\000s\000f\000e\000r\000a\000b\000l\000e\000\040\000D\000e\000s\000i\000g\000n}{subsection.4.1}% 21
\BOOKMARK [3][-]{subsubsection.4.1.3}{\376\377\000R\000i\000s\000k\000\040\000R\000e\000d\000u\000c\000t\000i\000o\000n}{subsection.4.1}% 22
\BOOKMARK [3][-]{subsubsection.4.1.4}{\376\377\000E\000f\000f\000e\000c\000t\000i\000v\000e\000\040\000A\000I}{subsection.4.1}% 23
\BOOKMARK [3][-]{subsubsection.4.1.5}{\376\377\000D\000y\000n\000a\000m\000i\000c\000\040\000M\000o\000v\000e\000m\000e\000n\000t}{subsection.4.1}% 24
\BOOKMARK [3][-]{subsubsection.4.1.6}{\376\377\000M\000u\000l\000t\000i\000p\000l\000e\000\040\000T\000e\000r\000r\000a\000i\000n\000s}{subsection.4.1}% 25
\BOOKMARK [2][-]{subsection.4.2}{\376\377\000N\000o\000n\000-\000f\000u\000n\000c\000t\000i\000o\000n\000a\000l\000\040\000R\000e\000q\000u\000i\000r\000e\000m\000e\000n\000t\000s}{section.4}% 26
\BOOKMARK [3][-]{subsubsection.4.2.1}{\376\377\000P\000h\000y\000s\000i\000c\000a\000l\000\040\000T\000e\000s\000t\000i\000n\000g}{subsection.4.2}% 27
\BOOKMARK [3][-]{subsubsection.4.2.2}{\376\377\000C\000u\000s\000t\000o\000m\000i\000s\000a\000b\000l\000e\000\040\000I\000n\000p\000u\000t}{subsection.4.2}% 28
\BOOKMARK [1][-]{section.5}{\376\377\000P\000r\000o\000f\000e\000s\000s\000i\000o\000n\000a\000l\000\040\000a\000n\000d\000\040\000E\000t\000h\000i\000c\000a\000l\000\040\000C\000o\000n\000s\000i\000d\000e\000r\000a\000t\000i\000o\000n\000s}{}% 29
\BOOKMARK [1][-]{section.6}{\376\377\000I\000m\000p\000l\000e\000m\000e\000n\000t\000a\000t\000i\000o\000n}{}% 30
\BOOKMARK [2][-]{subsection.6.1}{\376\377\000T\000e\000r\000r\000a\000i\000n}{section.6}% 31
\BOOKMARK [2][-]{subsection.6.2}{\376\377\000R\000o\000b\000o\000t}{section.6}% 32
\BOOKMARK [3][-]{subsubsection.6.2.1}{\376\377\000B\000o\000d\000y}{subsection.6.2}% 33
\BOOKMARK [3][-]{subsubsection.6.2.2}{\376\377\000T\000a\000i\000l}{subsection.6.2}% 34
\BOOKMARK [3][-]{subsubsection.6.2.3}{\376\377\000L\000e\000g\000s}{subsection.6.2}% 35
\BOOKMARK [2][-]{subsection.6.3}{\376\377\000A\000r\000t\000i\000f\000i\000c\000a\000l\000\040\000I\000n\000t\000e\000l\000l\000i\000g\000e\000n\000c\000e}{section.6}% 36
\BOOKMARK [3][-]{subsubsection.6.3.1}{\376\377\000P\000e\000r\000f\000o\000r\000m\000a\000n\000c\000e}{subsection.6.3}% 37
\BOOKMARK [3][-]{subsubsection.6.3.2}{\376\377\000T\000r\000a\000p\000p\000e\000d\000\040\000A\000l\000g\000o\000r\000i\000t\000h\000m}{subsection.6.3}% 38
\BOOKMARK [3][-]{subsubsection.6.3.3}{\376\377\000G\000e\000n\000e\000s}{subsection.6.3}% 39
\BOOKMARK [3][-]{subsubsection.6.3.4}{\376\377\000P\000o\000p\000u\000l\000a\000t\000i\000o\000n}{subsection.6.3}% 40
\BOOKMARK [3][-]{subsubsection.6.3.5}{\376\377\000G\000e\000n\000e\000t\000i\000c\000\040\000A\000l\000g\000o\000r\000i\000t\000h\000m}{subsection.6.3}% 41
\BOOKMARK [2][-]{subsection.6.4}{\376\377\000D\000y\000n\000a\000m\000i\000c\000\040\000M\000o\000v\000e\000m\000e\000n\000t}{section.6}% 42
\BOOKMARK [1][-]{section.7}{\376\377\000R\000e\000s\000u\000l\000t\000s}{}% 43
\BOOKMARK [2][-]{subsection.7.1}{\376\377\000B\000o\000d\000y\000\040\000M\000o\000t\000i\000o\000n}{section.7}% 44
\BOOKMARK [2][-]{subsection.7.2}{\376\377\000C\000o\000u\000n\000t\000e\000r\000b\000a\000l\000a\000n\000c\000i\000n\000g\000\040\000T\000a\000i\000l}{section.7}% 45
\BOOKMARK [2][-]{subsection.7.3}{\376\377\000L\000e\000g\000\040\000G\000a\000i\000t}{section.7}% 46
\BOOKMARK [2][-]{subsection.7.4}{\376\377\000U\000n\000i\000f\000o\000r\000m\000\040\000v\000s\000\040\000N\000o\000n\000-\000u\000n\000i\000f\000o\000r\000m\000\040\000R\000o\000b\000o\000t}{section.7}% 47
\BOOKMARK [2][-]{subsection.7.5}{\376\377\000M\000u\000t\000a\000t\000i\000o\000n\000\040\000C\000o\000n\000s\000t\000r\000a\000i\000n\000t\000s}{section.7}% 48
\BOOKMARK [2][-]{subsection.7.6}{\376\377\000R\000e\000c\000o\000m\000b\000i\000n\000a\000t\000i\000o\000n\000\040\000M\000e\000t\000h\000o\000d\000s}{section.7}% 49
\BOOKMARK [2][-]{subsection.7.7}{\376\377\000D\000y\000n\000a\000m\000i\000c\000\040\000M\000o\000v\000e\000m\000e\000n\000t}{section.7}% 50
\BOOKMARK [2][-]{subsection.7.8}{\376\377\000E\000v\000o\000l\000v\000e\000d\000\040\000L\000i\000z\000a\000r\000d\000b\000o\000t}{section.7}% 51
\BOOKMARK [2][-]{subsection.7.9}{\376\377\000I\000m\000p\000a\000c\000t\000\040\000o\000f\000\040\000T\000e\000r\000r\000a\000i\000n}{section.7}% 52
\BOOKMARK [1][-]{section.8}{\376\377\000C\000o\000n\000c\000l\000u\000s\000i\000o\000n}{}% 53
\BOOKMARK [1][-]{section.9}{\376\377\000R\000e\000f\000e\000r\000e\000n\000c\000e\000s}{}% 54
\BOOKMARK [1][-]{section.10}{\376\377\000A\000p\000p\000e\000n\000d\000i\000c\000e\000s}{}% 55
\BOOKMARK [2][-]{subsection.10.1}{\376\377\000E\000v\000o\000l\000v\000e\000d\000\040\000R\000o\000b\000o\000t\000s}{section.10}% 56
\BOOKMARK [2][-]{subsection.10.2}{\376\377\000P\000r\000o\000g\000r\000e\000s\000s\000\040\000L\000o\000g\000s}{section.10}% 57
\BOOKMARK [2][-]{subsection.10.3}{\376\377\000P\000r\000o\000j\000e\000c\000t\000\040\000P\000r\000o\000p\000o\000s\000a\000l}{section.10}% 58
