This is pdfTeX, Version 3.141592653-2.6-1.40.24 (MiKTeX 21.12) (preloaded format=pdflatex 2022.4.11)  7 MAY 2022 17:39
entering extended mode
 restricted \write18 enabled.
 %&-line parsing enabled.
**"./Final Draft.tex"
(Final Draft.tex
LaTeX2e <2021-11-15> patch level 1
L3 programming layer <2021-11-22>
(C:\Users\Molly\AppData\Local\Programs\MiKTeX\tex/latex/base\article.cls
Document Class: article 2021/10/04 v1.4n Standard LaTeX document class
(C:\Users\Molly\AppData\Local\Programs\MiKTeX\tex/latex/base\size10.clo
File: size10.clo 2021/10/04 v1.4n Standard LaTeX file (size option)
)
\c@part=\count183
\c@section=\count184
\c@subsection=\count185
\c@subsubsection=\count186
\c@paragraph=\count187
\c@subparagraph=\count188
\c@figure=\count189
\c@table=\count190
\abovecaptionskip=\skip47
\belowcaptionskip=\skip48
\bibindent=\dimen138
)
(C:\Users\Molly\AppData\Local\Programs\MiKTeX\tex/generic/babel\babel.sty
Package: babel 2021/11/29 3.67 The Babel package
\babel@savecnt=\count191
\U@D=\dimen139
\l@unhyphenated=\language79

(C:\Users\Molly\AppData\Local\Programs\MiKTeX\tex/generic/babel\txtbabel.def)
\bbl@readstream=\read2
\bbl@dirlevel=\count192

*************************************
* Local config file bblopts.cfg used
*
(C:\Users\Molly\AppData\Local\Programs\MiKTeX\tex/latex/arabi\bblopts.cfg
File: bblopts.cfg 2005/09/08 v0.1 add Arabic and Farsi to "declared" options of
 babel
)
(C:\Users\Molly\AppData\Local\Programs\MiKTeX\tex/latex/babel-english\english.l
df
Language: english 2017/06/06 v3.3r English support from the babel system
Package babel Info: Hyphen rules for 'canadian' set to \l@english
(babel)             (\language0). Reported on input line 102.
Package babel Info: Hyphen rules for 'australian' set to \l@ukenglish
(babel)             (\language73). Reported on input line 105.
Package babel Info: Hyphen rules for 'newzealand' set to \l@ukenglish
(babel)             (\language73). Reported on input line 108.
)) (C:\Users\Molly\AppData\Local\Programs\MiKTeX\tex/latex/base\inputenc.sty
Package: inputenc 2021/02/14 v1.3d Input encoding file
\inpenc@prehook=\toks16
\inpenc@posthook=\toks17
) (C:\Users\Molly\AppData\Local\Programs\MiKTeX\tex/latex/fancyhdr\fancyhdr.sty
Package: fancyhdr 2021/01/28 v4.0.1 Extensive control of page headers and foote
rs
\f@nch@headwidth=\skip49
\f@nch@O@elh=\skip50
\f@nch@O@erh=\skip51
\f@nch@O@olh=\skip52
\f@nch@O@orh=\skip53
\f@nch@O@elf=\skip54
\f@nch@O@erf=\skip55
\f@nch@O@olf=\skip56
\f@nch@O@orf=\skip57
) (C:\Users\Molly\AppData\Local\Programs\MiKTeX\tex/latex/natbib\natbib.sty
Package: natbib 2010/09/13 8.31b (PWD, AO)
\bibhang=\skip58
\bibsep=\skip59
LaTeX Info: Redefining \cite on input line 694.
\c@NAT@ctr=\count193
)
(C:\Users\Molly\AppData\Local\Programs\MiKTeX\tex/latex/multibib\multibib.sty
Package: multibib 2008/12/10 v1.4 Multiple bibliographies for one document.
\mb@biblabelwidth=\count194
)
\@auxoutmain=\write3

(main.aux)
\openout3 = `main.aux'.

\@auxoutcode=\write4
 (code.aux)
\openout4 = `code.aux'.

\@auxoutsoft=\write5
 (soft.aux)
\openout5 = `soft.aux'.


(C:\Users\Molly\AppData\Local\Programs\MiKTeX\tex/latex/graphics\graphicx.sty
Package: graphicx 2021/09/16 v1.2d Enhanced LaTeX Graphics (DPC,SPQR)

(C:\Users\Molly\AppData\Local\Programs\MiKTeX\tex/latex/graphics\keyval.sty
Package: keyval 2014/10/28 v1.15 key=value parser (DPC)
\KV@toks@=\toks18
)
(C:\Users\Molly\AppData\Local\Programs\MiKTeX\tex/latex/graphics\graphics.sty
Package: graphics 2021/03/04 v1.4d Standard LaTeX Graphics (DPC,SPQR)

(C:\Users\Molly\AppData\Local\Programs\MiKTeX\tex/latex/graphics\trig.sty
Package: trig 2021/08/11 v1.11 sin cos tan (DPC)
)
(C:\Users\Molly\AppData\Local\Programs\MiKTeX\tex/latex/graphics-cfg\graphics.c
fg
File: graphics.cfg 2016/06/04 v1.11 sample graphics configuration
)
Package graphics Info: Driver file: pdftex.def on input line 107.

(C:\Users\Molly\AppData\Local\Programs\MiKTeX\tex/latex/graphics-def\pdftex.def
File: pdftex.def 2020/10/05 v1.2a Graphics/color driver for pdftex
))
\Gin@req@height=\dimen140
\Gin@req@width=\dimen141
) (C:\Users\Molly\AppData\Local\Programs\MiKTeX\tex/latex/wrapfig\wrapfig.sty
\wrapoverhang=\dimen142
\WF@size=\dimen143
\c@WF@wrappedlines=\count195
\WF@box=\box50
\WF@everypar=\toks19
Package: wrapfig 2003/01/31  v 3.6
) (C:\Users\Molly\AppData\Local\Programs\MiKTeX\tex/latex/caption\caption.sty
Package: caption 2022/03/01 v3.6b Customizing captions (AR)

(C:\Users\Molly\AppData\Local\Programs\MiKTeX\tex/latex/caption\caption3.sty
Package: caption3 2022/03/17 v2.3b caption3 kernel (AR)
\caption@tempdima=\dimen144
\captionmargin=\dimen145
\caption@leftmargin=\dimen146
\caption@rightmargin=\dimen147
\caption@width=\dimen148
\caption@indent=\dimen149
\caption@parindent=\dimen150
\caption@hangindent=\dimen151
Package caption Info: Standard document class detected.
)
\c@caption@flags=\count196
\c@continuedfloat=\count197
Package caption Info: wrapfig package is loaded.
)
(C:\Users\Molly\AppData\Local\Programs\MiKTeX\tex/latex/geometry\geometry.sty
Package: geometry 2020/01/02 v5.9 Page Geometry

(C:\Users\Molly\AppData\Local\Programs\MiKTeX\tex/generic/iftex\ifvtex.sty
Package: ifvtex 2019/10/25 v1.7 ifvtex legacy package. Use iftex instead.

(C:\Users\Molly\AppData\Local\Programs\MiKTeX\tex/generic/iftex\iftex.sty
Package: iftex 2020/03/06 v1.0d TeX engine tests
))
\Gm@cnth=\count198
\Gm@cntv=\count199
\c@Gm@tempcnt=\count266
\Gm@bindingoffset=\dimen152
\Gm@wd@mp=\dimen153
\Gm@odd@mp=\dimen154
\Gm@even@mp=\dimen155
\Gm@layoutwidth=\dimen156
\Gm@layoutheight=\dimen157
\Gm@layouthoffset=\dimen158
\Gm@layoutvoffset=\dimen159
\Gm@dimlist=\toks20

(C:\Users\Molly\AppData\Local\Programs\MiKTeX\tex/latex/geometry\geometry.cfg))
(C:\Users\Molly\AppData\Local\Programs\MiKTeX\tex/latex/float\float.sty
Package: float 2001/11/08 v1.3d Float enhancements (AL)
\c@float@type=\count267
\float@exts=\toks21
\float@box=\box51
\@float@everytoks=\toks22
\@floatcapt=\box52
)
(C:\Users\Molly\AppData\Local\Programs\MiKTeX\tex/latex/hyperref\hyperref.sty
Package: hyperref 2021-06-07 v7.00m Hypertext links for LaTeX

(C:\Users\Molly\AppData\Local\Programs\MiKTeX\tex/generic/ltxcmds\ltxcmds.sty
Package: ltxcmds 2020-05-10 v1.25 LaTeX kernel commands for general use (HO)
)
(C:\Users\Molly\AppData\Local\Programs\MiKTeX\tex/generic/pdftexcmds\pdftexcmds
.sty
Package: pdftexcmds 2020-06-27 v0.33 Utility functions of pdfTeX for LuaTeX (HO
)

(C:\Users\Molly\AppData\Local\Programs\MiKTeX\tex/generic/infwarerr\infwarerr.s
ty
Package: infwarerr 2019/12/03 v1.5 Providing info/warning/error messages (HO)
)
Package pdftexcmds Info: \pdf@primitive is available.
Package pdftexcmds Info: \pdf@ifprimitive is available.
Package pdftexcmds Info: \pdfdraftmode found.
)
(C:\Users\Molly\AppData\Local\Programs\MiKTeX\tex/generic/kvsetkeys\kvsetkeys.s
ty
Package: kvsetkeys 2019/12/15 v1.18 Key value parser (HO)
)
(C:\Users\Molly\AppData\Local\Programs\MiKTeX\tex/generic/kvdefinekeys\kvdefine
keys.sty
Package: kvdefinekeys 2019-12-19 v1.6 Define keys (HO)
)
(C:\Users\Molly\AppData\Local\Programs\MiKTeX\tex/generic/pdfescape\pdfescape.s
ty
Package: pdfescape 2019/12/09 v1.15 Implements pdfTeX's escape features (HO)
) (C:\Users\Molly\AppData\Local\Programs\MiKTeX\tex/latex/hycolor\hycolor.sty
Package: hycolor 2020-01-27 v1.10 Color options for hyperref/bookmark (HO)
)
(C:\Users\Molly\AppData\Local\Programs\MiKTeX\tex/latex/letltxmacro\letltxmacro
.sty
Package: letltxmacro 2019/12/03 v1.6 Let assignment for LaTeX macros (HO)
)
(C:\Users\Molly\AppData\Local\Programs\MiKTeX\tex/latex/auxhook\auxhook.sty
Package: auxhook 2019-12-17 v1.6 Hooks for auxiliary files (HO)
)
(C:\Users\Molly\AppData\Local\Programs\MiKTeX\tex/latex/kvoptions\kvoptions.sty
Package: kvoptions 2020-10-07 v3.14 Key value format for package options (HO)
)
\@linkdim=\dimen160
\Hy@linkcounter=\count268
\Hy@pagecounter=\count269
 (C:\Users\Molly\AppData\Local\Programs\MiKTeX\tex/latex/hyperref\pd1enc.def
File: pd1enc.def 2021-06-07 v7.00m Hyperref: PDFDocEncoding definition (HO)
Now handling font encoding PD1 ...
... no UTF-8 mapping file for font encoding PD1
)
(C:\Users\Molly\AppData\Local\Programs\MiKTeX\tex/latex/hyperref\hyperref-langp
atches.def
File: hyperref-langpatches.def 2021-06-07 v7.00m Hyperref: patches for babel la
nguages
)
(C:\Users\Molly\AppData\Local\Programs\MiKTeX\tex/generic/intcalc\intcalc.sty
Package: intcalc 2019/12/15 v1.3 Expandable calculations with integers (HO)
)
(C:\Users\Molly\AppData\Local\Programs\MiKTeX\tex/generic/etexcmds\etexcmds.sty
Package: etexcmds 2019/12/15 v1.7 Avoid name clashes with e-TeX commands (HO)
)
\Hy@SavedSpaceFactor=\count270
 (C:\Users\Molly\AppData\Local\Programs\MiKTeX\tex/latex/hyperref\puenc.def
File: puenc.def 2021-06-07 v7.00m Hyperref: PDF Unicode definition (HO)
Now handling font encoding PU ...
... no UTF-8 mapping file for font encoding PU
)
Package hyperref Info: Hyper figures OFF on input line 4192.
Package hyperref Info: Link nesting OFF on input line 4197.
Package hyperref Info: Hyper index ON on input line 4200.
Package hyperref Info: Plain pages OFF on input line 4207.
Package hyperref Info: Backreferencing OFF on input line 4212.
Package hyperref Info: Implicit mode ON; LaTeX internals redefined.
Package hyperref Info: Bookmarks ON on input line 4445.
\c@Hy@tempcnt=\count271

(C:\Users\Molly\AppData\Local\Programs\MiKTeX\tex/latex/url\url.sty
\Urlmuskip=\muskip16
Package: url 2013/09/16  ver 3.4  Verb mode for urls, etc.
)
LaTeX Info: Redefining \url on input line 4804.
\XeTeXLinkMargin=\dimen161

(C:\Users\Molly\AppData\Local\Programs\MiKTeX\tex/generic/bitset\bitset.sty
Package: bitset 2019/12/09 v1.3 Handle bit-vector datatype (HO)

(C:\Users\Molly\AppData\Local\Programs\MiKTeX\tex/generic/bigintcalc\bigintcalc
.sty
Package: bigintcalc 2019/12/15 v1.5 Expandable calculations on big integers (HO
)
))
\Fld@menulength=\count272
\Field@Width=\dimen162
\Fld@charsize=\dimen163
Package hyperref Info: Hyper figures OFF on input line 6076.
Package hyperref Info: Link nesting OFF on input line 6081.
Package hyperref Info: Hyper index ON on input line 6084.
Package hyperref Info: backreferencing OFF on input line 6091.
Package hyperref Info: Link coloring OFF on input line 6096.
Package hyperref Info: Link coloring with OCG OFF on input line 6101.
Package hyperref Info: PDF/A mode OFF on input line 6106.
LaTeX Info: Redefining \ref on input line 6146.
LaTeX Info: Redefining \pageref on input line 6150.

(C:\Users\Molly\AppData\Local\Programs\MiKTeX\tex/latex/base\atbegshi-ltx.sty
Package: atbegshi-ltx 2021/01/10 v1.0c Emulation of the original atbegshi
package with kernel methods
)
\Hy@abspage=\count273
\c@Item=\count274
\c@Hfootnote=\count275
)
Package hyperref Info: Driver (autodetected): hpdftex.
(C:\Users\Molly\AppData\Local\Programs\MiKTeX\tex/latex/hyperref\hpdftex.def
File: hpdftex.def 2021-06-07 v7.00m Hyperref driver for pdfTeX

(C:\Users\Molly\AppData\Local\Programs\MiKTeX\tex/latex/base\atveryend-ltx.sty
Package: atveryend-ltx 2020/08/19 v1.0a Emulation of the original atveryend pac
kage
with kernel methods
)
\Fld@listcount=\count276
\c@bookmark@seq@number=\count277

(C:\Users\Molly\AppData\Local\Programs\MiKTeX\tex/latex/rerunfilecheck\rerunfil
echeck.sty
Package: rerunfilecheck 2019/12/05 v1.9 Rerun checks for auxiliary files (HO)

(C:\Users\Molly\AppData\Local\Programs\MiKTeX\tex/generic/uniquecounter\uniquec
ounter.sty
Package: uniquecounter 2019/12/15 v1.4 Provide unlimited unique counter (HO)
)
Package uniquecounter Info: New unique counter `rerunfilecheck' on input line 2
86.
)
\Hy@SectionHShift=\skip60
)
(C:\Users\Molly\AppData\Local\Programs\MiKTeX\tex/latex/l3backend\l3backend-pdf
tex.def
File: l3backend-pdftex.def 2021-10-18 L3 backend support: PDF output (pdfTeX)
\l__color_backend_stack_int=\count278
\l__pdf_internal_box=\box53
) (Final Draft.aux)
\openout1 = `"Final Draft.aux"'.

LaTeX Font Info:    Checking defaults for OML/cmm/m/it on input line 40.
LaTeX Font Info:    ... okay on input line 40.
LaTeX Font Info:    Checking defaults for OMS/cmsy/m/n on input line 40.
LaTeX Font Info:    ... okay on input line 40.
LaTeX Font Info:    Checking defaults for OT1/cmr/m/n on input line 40.
LaTeX Font Info:    ... okay on input line 40.
LaTeX Font Info:    Checking defaults for T1/cmr/m/n on input line 40.
LaTeX Font Info:    ... okay on input line 40.
LaTeX Font Info:    Checking defaults for TS1/cmr/m/n on input line 40.
LaTeX Font Info:    ... okay on input line 40.
LaTeX Font Info:    Checking defaults for OMX/cmex/m/n on input line 40.
LaTeX Font Info:    ... okay on input line 40.
LaTeX Font Info:    Checking defaults for U/cmr/m/n on input line 40.
LaTeX Font Info:    ... okay on input line 40.
LaTeX Font Info:    Checking defaults for PD1/pdf/m/n on input line 40.
LaTeX Font Info:    ... okay on input line 40.
LaTeX Font Info:    Checking defaults for PU/pdf/m/n on input line 40.
LaTeX Font Info:    ... okay on input line 40.

(C:\Users\Molly\AppData\Local\Programs\MiKTeX\tex/context/base/mkii\supp-pdf.mk
ii
[Loading MPS to PDF converter (version 2006.09.02).]
\scratchcounter=\count279
\scratchdimen=\dimen164
\scratchbox=\box54
\nofMPsegments=\count280
\nofMParguments=\count281
\everyMPshowfont=\toks23
\MPscratchCnt=\count282
\MPscratchDim=\dimen165
\MPnumerator=\count283
\makeMPintoPDFobject=\count284
\everyMPtoPDFconversion=\toks24
)
(C:\Users\Molly\AppData\Local\Programs\MiKTeX\tex/latex/epstopdf-pkg\epstopdf-b
ase.sty
Package: epstopdf-base 2020-01-24 v2.11 Base part for package epstopdf
Package epstopdf-base Info: Redefining graphics rule for `.eps' on input line 4
85.

(C:\Users\Molly\AppData\Local\Programs\MiKTeX\tex/latex/00miktex\epstopdf-sys.c
fg
File: epstopdf-sys.cfg 2021/03/18 v2.0 Configuration of epstopdf for MiKTeX
))
Package caption Info: Begin \AtBeginDocument code.
Package caption Info: float package is loaded.
Package caption Info: hyperref package is loaded.
Package caption Info: End \AtBeginDocument code.

*geometry* driver: auto-detecting
*geometry* detected driver: pdftex
*geometry* verbose mode - [ preamble ] result:
* driver: pdftex
* paper: a4paper
* layout: <same size as paper>
* layoutoffset:(h,v)=(0.0pt,0.0pt)
* modes: 
* h-part:(L,W,R)=(85.35826pt, 422.52252pt, 89.62709pt)
* v-part:(T,H,B)=(85.35826pt, 658.28194pt, 101.40665pt)
* \paperwidth=597.50787pt
* \paperheight=845.04684pt
* \textwidth=422.52252pt
* \textheight=658.28194pt
* \oddsidemargin=13.08827pt
* \evensidemargin=13.08827pt
* \topmargin=-23.91173pt
* \headheight=22.54448pt
* \headsep=25.0pt
* \topskip=10.0pt
* \footskip=30.0pt
* \marginparwidth=65.0pt
* \marginparsep=11.0pt
* \columnsep=10.0pt
* \skip\footins=9.0pt plus 4.0pt minus 2.0pt
* \hoffset=0.0pt
* \voffset=0.0pt
* \mag=1000
* \@twocolumnfalse
* \@twosidefalse
* \@mparswitchfalse
* \@reversemarginfalse
* (1in=72.27pt=25.4mm, 1cm=28.453pt)

Package hyperref Info: Link coloring OFF on input line 40.
(C:\Users\Molly\AppData\Local\Programs\MiKTeX\tex/latex/hyperref\nameref.sty
Package: nameref 2021-04-02 v2.47 Cross-referencing by name of section

(C:\Users\Molly\AppData\Local\Programs\MiKTeX\tex/latex/refcount\refcount.sty
Package: refcount 2019/12/15 v3.6 Data extraction from label references (HO)
)
(C:\Users\Molly\AppData\Local\Programs\MiKTeX\tex/generic/gettitlestring\gettit
lestring.sty
Package: gettitlestring 2019/12/15 v1.6 Cleanup title references (HO)
)
\c@section@level=\count285
)
LaTeX Info: Redefining \ref on input line 40.
LaTeX Info: Redefining \pageref on input line 40.
LaTeX Info: Redefining \nameref on input line 40.
 (Final Draft.out) (Final Draft.out)
\@outlinefile=\write6
\openout6 = `"Final Draft.out"'.


Underfull \hbox (badness 10000) in paragraph at lines 44--44

 []

LaTeX Font Info:    External font `cmex10' loaded for size
(Font)              <7> on input line 56.
LaTeX Font Info:    External font `cmex10' loaded for size
(Font)              <5> on input line 56.
[1{C:/Users/Molly/AppData/Local/MiKTeX/fonts/map/pdftex/pdftex.map}

]
Underfull \hbox (badness 10000) in paragraph at lines 64--68

 []


Underfull \hbox (badness 10000) in paragraph at lines 77--79

 []

LaTeX Font Info:    External font `cmex10' loaded for size
(Font)              <8> on input line 80.
LaTeX Font Info:    External font `cmex10' loaded for size
(Font)              <6> on input line 80.
[2] (Final Draft.toc [3])
\tf@toc=\write7
\openout7 = `"Final Draft.toc"'.

 [4]
Underfull \hbox (badness 10000) in paragraph at lines 104--105

 []


Underfull \hbox (badness 10000) in paragraph at lines 106--107

 []


Underfull \hbox (badness 10000) in paragraph at lines 108--109

 []

[5]
Underfull \hbox (badness 10000) in paragraph at lines 117--119

 []


Underfull \hbox (badness 10000) in paragraph at lines 120--121

 []


Underfull \hbox (badness 10000) in paragraph at lines 124--126

 []


Underfull \hbox (badness 10000) in paragraph at lines 127--128

 []


Underfull \hbox (badness 10000) in paragraph at lines 129--130

 []

<./Images//robotDesign.png, id=328, 425.1885pt x 159.59625pt>
File: ./Images//robotDesign.png Graphic file (type png)
<use ./Images//robotDesign.png>
Package pdftex.def Info: ./Images//robotDesign.png  used on input line 133.
(pdftex.def)             Requested size: 212.59372pt x 79.79791pt.
[6 <./Images//robotDesign.png>]
<./Images//serpentine.png, id=339, 81.30376pt x 95.1555pt>
File: ./Images//serpentine.png Graphic file (type png)
<use ./Images//serpentine.png>
Package pdftex.def Info: ./Images//serpentine.png  used on input line 143.
(pdftex.def)             Requested size: 126.75804pt x 148.36499pt.

Underfull \hbox (badness 5908) in paragraph at lines 145--145
[]\OT1/cmr/bx/it/10 Figure 2: |\OT1/cmr/m/it/10 Di-a-gram of
 []


Underfull \hbox (badness 6094) in paragraph at lines 145--145
\OT1/cmr/m/it/10 a snake us-ing a ser-pen-
 []


Underfull \hbox (badness 2547) in paragraph at lines 145--145
\OT1/cmr/m/it/10 tine method of lo-co-mo-tion
 []


Underfull \hbox (badness 10000) in paragraph at lines 148--149

 []


Underfull \hbox (badness 2556) in paragraph at lines 150--151
\OT1/cmr/m/n/10 for-ward and/or ro-tate and will have its own set of pa-
 []


Underfull \hbox (badness 4595) in paragraph at lines 150--151
\OT1/cmr/m/n/10 ram-e-ters (speed, for ex-am-ple). To im-prove the flu-id-
 []


Underfull \hbox (badness 4832) in paragraph at lines 150--151
\OT1/cmr/m/n/10 ity of the mo-tion a cen-tral pat-tern gen-er-a-tor, an ap-
 []


Underfull \hbox (badness 2359) in paragraph at lines 150--151
\OT1/cmr/m/n/10 proach sim-i-lar to a (CPG) ap-proach will be taken. A
 []


Underfull \hbox (badness 3735) in paragraph at lines 150--151
\OT1/cmr/m/n/10 CPG \OT1/cmr/m/it/10 "can pro-duce rhyth-mic mo-tor pat-terns .
.. in the
 []


Underfull \hbox (badness 4940) in paragraph at lines 150--151
\OT1/cmr/m/it/10 ab-sence of sen-sory or de-scend-ing in-puts that carry spe-
 []


Underfull \hbox (badness 4927) in paragraph at lines 150--151
\OT1/cmr/m/it/10 cific tim-ing in-for-ma-tion" \OT1/cmr/m/n/10 [[]Marder and Bu
cher[], []2001[], p.
 []


Underfull \hbox (badness 3118) in paragraph at lines 150--151
\OT1/cmr/m/n/10 986]. To clar-ify, the body will not im-ple-ment a true
 []


Underfull \hbox (badness 3579) in paragraph at lines 150--151
\OT1/cmr/m/n/10 CPG: the al-go-rithm will utilise a sim-i-lar ap-proach that
 []


Underfull \hbox (badness 10000) in paragraph at lines 150--151

 []

<./Images//serpentineDiagram.png, id=348, 265.59225pt x 48.78226pt>
File: ./Images//serpentineDiagram.png Graphic file (type png)
<use ./Images//serpentineDiagram.png>
Package pdftex.def Info: ./Images//serpentineDiagram.png  used on input line 15
5.
(pdftex.def)             Requested size: 159.35657pt x 29.26956pt.

Underfull \hbox (badness 10000) in paragraph at lines 152--158

 []

[7 <./Images//serpentine.png> <./Images//serpentineDiagram.png>]
<./Images//agamaJump.png, id=372, 483.60675pt x 373.99725pt>
File: ./Images//agamaJump.png Graphic file (type png)
<use ./Images//agamaJump.png>
Package pdftex.def Info: ./Images//agamaJump.png  used on input line 171.
(pdftex.def)             Requested size: 290.16628pt x 224.40007pt.
<./Images//lizardGait.png, id=379, 199.947pt x 83.1105pt>
File: ./Images//lizardGait.png Graphic file (type png)
<use ./Images//lizardGait.png>
Package pdftex.def Info: ./Images//lizardGait.png  used on input line 181.
(pdftex.def)             Requested size: 199.9465pt x 83.11028pt.
 [8 <./Images//agamaJump.png> <./Images//lizardGait.png>]
Underfull \hbox (badness 10000) in paragraph at lines 190--191

 []


Underfull \hbox (badness 10000) in paragraph at lines 192--193

 []


Underfull \hbox (badness 10000) in paragraph at lines 194--195

 []


Underfull \hbox (badness 10000) in paragraph at lines 196--198

 []


Underfull \hbox (badness 10000) in paragraph at lines 199--200

 []


Underfull \hbox (badness 10000) in paragraph at lines 201--203

 []


Underfull \hbox (badness 10000) in paragraph at lines 204--206

 []

[9]
<./Images//activationExample.png, id=426, 186.6975pt x 110.814pt>
File: ./Images//activationExample.png Graphic file (type png)
<use ./Images//activationExample.png>
Package pdftex.def Info: ./Images//activationExample.png  used on input line 21
4.
(pdftex.def)             Requested size: 126.75804pt x 75.23752pt.

Underfull \hbox (badness 3168) in paragraph at lines 215--215
\OT1/cmr/m/it/10 with a stronger ac-ti-va-tion
 []


Underfull \hbox (badness 2443) in paragraph at lines 219--221
[]\OT1/cmr/m/n/10 Dynamic sys-tems the-ory uses the causal webs of an en-
 []


Underfull \hbox (badness 1308) in paragraph at lines 219--221
\OT1/cmr/m/n/10 vi-ron-ment (the ac-tion of an agent in-flu-ences other en-ti-t
ies
 []


Underfull \hbox (badness 2495) in paragraph at lines 219--221
\OT1/cmr/m/n/10 mine the \OT1/cmr/m/it/10 "se-quences of states that could take
 the sys-tem
 []


Underfull \hbox (badness 10000) in paragraph at lines 219--221

 []

[10 <./Images//activationExample.png>]
Underfull \hbox (badness 10000) in paragraph at lines 231--232

 []


Underfull \hbox (badness 10000) in paragraph at lines 233--235

 []

[11] [12]
Underfull \hbox (badness 10000) in paragraph at lines 257--258

 []

<./Images//salamandraTurning.png, id=485, 308.352pt x 171.64125pt>
File: ./Images//salamandraTurning.png Graphic file (type png)
<use ./Images//salamandraTurning.png>
Package pdftex.def Info: ./Images//salamandraTurning.png  used on input line 26
2.
(pdftex.def)             Requested size: 215.84492pt x 120.14804pt.

Underfull \hbox (badness 10000) in paragraph at lines 259--265

 []


Underfull \hbox (badness 10000) in paragraph at lines 270--271

 []

[13 <./Images//salamandraTurning.png>] [14] [15]
<./Images//smoothTerrain.png, id=526, 301.125pt x 271.0125pt>
File: ./Images//smoothTerrain.png Graphic file (type png)
<use ./Images//smoothTerrain.png>
Package pdftex.def Info: ./Images//smoothTerrain.png  used on input line 331.
(pdftex.def)             Requested size: 90.33818pt x 81.30437pt.
<./Images//unevenTerrain.png, id=527, 301.125pt x 271.0125pt>
File: ./Images//unevenTerrain.png Graphic file (type png)
<use ./Images//unevenTerrain.png>
Package pdftex.def Info: ./Images//unevenTerrain.png  used on input line 332.
(pdftex.def)             Requested size: 90.33818pt x 81.30437pt.
<./Images//roughTerrain.png, id=528, 301.125pt x 271.0125pt>
File: ./Images//roughTerrain.png Graphic file (type png)
<use ./Images//roughTerrain.png>
Package pdftex.def Info: ./Images//roughTerrain.png  used on input line 333.
(pdftex.def)             Requested size: 90.33818pt x 81.30437pt.

Underfull \hbox (badness 10000) in paragraph at lines 328--335

 []


Underfull \hbox (badness 10000) in paragraph at lines 337--338

 []


Underfull \hbox (badness 10000) in paragraph at lines 344--345

 []

LaTeX Font Info:    External font `cmex10' loaded for size
(Font)              <14.4> on input line 350.

Underfull \hbox (badness 10000) in paragraph at lines 354--355

 []

[16 <./Images//smoothTerrain.png> <./Images//unevenTerrain.png> <./Images//roug
hTerrain.png>]
Underfull \hbox (badness 10000) in paragraph at lines 356--357

 []

<./Images//cpgMirroring.png, id=548, 475.7775pt x 513.92pt>
File: ./Images//cpgMirroring.png Graphic file (type png)
<use ./Images//cpgMirroring.png>
Package pdftex.def Info: ./Images//cpgMirroring.png  used on input line 372.
(pdftex.def)             Requested size: 253.51608pt x 273.84271pt.
<./Images//cpgSerpentine.png, id=549, 342.5297pt x 293.59688pt>
File: ./Images//cpgSerpentine.png Graphic file (type png)
<use ./Images//cpgSerpentine.png>
Package pdftex.def Info: ./Images//cpgSerpentine.png  used on input line 372.
(pdftex.def)             Requested size: 253.51608pt x 217.30756pt.
[17 <./Images//cpgMirroring.png> <./Images//cpgSerpentine.png>]
<./Images//tailMomentum.png, id=561, 513.92pt x 308.15125pt>
File: ./Images//tailMomentum.png Graphic file (type png)
<use ./Images//tailMomentum.png>
Package pdftex.def Info: ./Images//tailMomentum.png  used on input line 388.
(pdftex.def)             Requested size: 308.35437pt x 184.89217pt.

Underfull \hbox (badness 10000) in paragraph at lines 385--390

 []


Underfull \hbox (badness 10000) in paragraph at lines 413--414

 []


Underfull \hbox (badness 10000) in paragraph at lines 419--421

 []

[18 <./Images//tailMomentum.png>]
<./Images//legCircleDiagram.png, id=580, 370.38374pt x 400.49625pt>
File: ./Images//legCircleDiagram.png Graphic file (type png)
<use ./Images//legCircleDiagram.png>
Package pdftex.def Info: ./Images//legCircleDiagram.png  used on input line 424
.
(pdftex.def)             Requested size: 211.26126pt x 228.438pt.

Underfull \hbox (badness 10000) in paragraph at lines 445--446

 []

[19 <./Images//legCircleDiagram.png>]
Underfull \hbox (badness 10000) in paragraph at lines 456--457

 []


Underfull \hbox (badness 10000) in paragraph at lines 458--459

 []


Underfull \hbox (badness 10000) in paragraph at lines 460--462

 []


Underfull \hbox (badness 10000) in paragraph at lines 463--464

 []

[20]
Underfull \hbox (badness 10000) in paragraph at lines 470--471

 []

<./Images//trappedAlgorithm.png, id=604, 298.11375pt x 323.40825pt>
File: ./Images//trappedAlgorithm.png Graphic file (type png)
<use ./Images//trappedAlgorithm.png>
Package pdftex.def Info: ./Images//trappedAlgorithm.png  used on input line 475
.
(pdftex.def)             Requested size: 149.0565pt x 161.70372pt.

Underfull \hbox (badness 10000) in paragraph at lines 472--477

 []

<./Images//trappedSmooth.png, id=610, 263.48438pt x 248.42813pt>
File: ./Images//trappedSmooth.png Graphic file (type png)
<use ./Images//trappedSmooth.png>
Package pdftex.def Info: ./Images//trappedSmooth.png  used on input line 488.
(pdftex.def)             Requested size: 105.63063pt x 99.59692pt.
<./Images//trappedUneven.png, id=611, 263.48438pt x 248.42813pt>
File: ./Images//trappedUneven.png Graphic file (type png)
<use ./Images//trappedUneven.png>
Package pdftex.def Info: ./Images//trappedUneven.png  used on input line 488.
(pdftex.def)             Requested size: 105.63063pt x 99.59692pt.
<./Images//trappedRough.png, id=612, 263.48438pt x 248.42813pt>
File: ./Images//trappedRough.png Graphic file (type png)
<use ./Images//trappedRough.png>
Package pdftex.def Info: ./Images//trappedRough.png  used on input line 488.
(pdftex.def)             Requested size: 105.63063pt x 99.59692pt.
<./Images//trappedFlat.png, id=613, 263.48438pt x 248.42813pt>
File: ./Images//trappedFlat.png Graphic file (type png)
<use ./Images//trappedFlat.png>
Package pdftex.def Info: ./Images//trappedFlat.png  used on input line 488.
(pdftex.def)             Requested size: 105.63063pt x 99.59692pt.

Underfull \hbox (badness 10000) in paragraph at lines 498--499

 []

[21 <./Images//trappedAlgorithm.png> <./Images//trappedSmooth.png> <./Images//t
rappedUneven.png> <./Images//trappedRough.png> <./Images//trappedFlat.png>]
Underfull \hbox (badness 10000) in paragraph at lines 504--505

 []


Underfull \hbox (badness 10000) in paragraph at lines 506--507

 []


Underfull \hbox (badness 10000) in paragraph at lines 523--525

 []

[22]
LaTeX Font Info:    External font `cmex10' loaded for size
(Font)              <17.28> on input line 532.
LaTeX Font Info:    External font `cmex10' loaded for size
(Font)              <12> on input line 532.

Underfull \hbox (badness 10000) in paragraph at lines 538--539

 []


Underfull \hbox (badness 10000) in paragraph at lines 549--550

 []

<./Images//gaPatternIterations.png, id=633, 513.92pt x 392.46625pt>
File: ./Images//gaPatternIterations.png Graphic file (type png)
<use ./Images//gaPatternIterations.png>
Package pdftex.def Info: ./Images//gaPatternIterations.png  used on input line 
558.
(pdftex.def)             Requested size: 253.51608pt x 193.60365pt.
<./Images//gafilteredIterations.png, id=634, 512.91624pt x 395.4775pt>
File: ./Images//gafilteredIterations.png Graphic file (type png)
<use ./Images//gafilteredIterations.png>
Package pdftex.def Info: ./Images//gafilteredIterations.png  used on input line
 558.
(pdftex.def)             Requested size: 253.51608pt x 195.46928pt.

Underfull \hbox (badness 10000) in paragraph at lines 564--565

 []

[23 <./Images//gaPatternIterations.png> <./Images//gafilteredIterations.png>]
Underfull \hbox (badness 10000) in paragraph at lines 566--567

 []

<./Images//spherePoints.png, id=666, 513.92pt x 464.73625pt>
File: ./Images//spherePoints.png Graphic file (type png)
<use ./Images//spherePoints.png>
Package pdftex.def Info: ./Images//spherePoints.png  used on input line 575.
(pdftex.def)             Requested size: 126.75804pt x 114.62369pt.

Underfull \hbox (badness 10000) in paragraph at lines 570--578

 []


Underfull \hbox (badness 1163) in paragraph at lines 578--580
\OT1/cmr/m/it/10 \The Fi-bonacci lat-tice is a sim-ple way to very evenly dis-
 []


Underfull \hbox (badness 3690) in paragraph at lines 578--580
\OT1/cmr/m/n/10 con-structed in a sphere around the robot. The value
 []


Underfull \hbox (badness 1132) in paragraph at lines 578--580
\OT1/cmr/m/n/10 of $\OML/cmm/m/it/10 n$ \OT1/cmr/m/n/10 im-pacted the ef-fi-cac
y of the dy-namic move-ment; too
 []


Underfull \hbox (badness 2809) in paragraph at lines 578--580
\OT1/cmr/m/n/10 low a value of $\OML/cmm/m/it/10 n$ \OT1/cmr/m/n/10 caused the 
robot to oc-ca-sion-ally veer
 []


Underfull \hbox (badness 3895) in paragraph at lines 578--580
\OT1/cmr/m/n/10 off to one side of the in-tended di-rec-tion. Mean-while,
 []


Underfull \hbox (badness 2189) in paragraph at lines 578--580
\OT1/cmr/m/n/10 sulted in the ma-jor-ity of the points con-tain-ing $\OML/cmm/m
/it/10 null$ \OT1/cmr/m/n/10 val-
 []


Underfull \hbox (badness 1968) in paragraph at lines 578--580
\OT1/cmr/m/n/10 ues. $\OML/cmm/m/it/10 n \OT1/cmr/m/n/10 = 50$ was se-lected as
 an ap-pro-pri-ate gran-u-lar-
 []


Underfull \hbox (badness 10000) in paragraph at lines 578--580

 []


Underfull \hbox (badness 10000) in paragraph at lines 581--582

 []

<./Images//storingVelocities.png, id=672, 245.41687pt x 253.69781pt>
File: ./Images//storingVelocities.png Graphic file (type png)
<use ./Images//storingVelocities.png>
Package pdftex.def Info: ./Images//storingVelocities.png  used on input line 58
7.
(pdftex.def)             Requested size: 126.75804pt x 131.03326pt.
<./Images//dstFiltered.png, id=673, 303.38344pt x 391.4625pt>
File: ./Images//dstFiltered.png Graphic file (type png)
<use ./Images//dstFiltered.png>
Package pdftex.def Info: ./Images//dstFiltered.png  used on input line 594.
(pdftex.def)             Requested size: 109.85313pt x 141.74472pt.
<./Images//dstFilteredMissing.png, id=674, 306.39468pt x 286.06876pt>
File: ./Images//dstFilteredMissing.png Graphic file (type png)
<use ./Images//dstFilteredMissing.png>
Package pdftex.def Info: ./Images//dstFilteredMissing.png  used on input line 5
95.
(pdftex.def)             Requested size: 151.05121pt x 141.03046pt.

Underfull \hbox (badness 10000) in paragraph at lines 583--599

 []

[24 <./Images//spherePoints.png>]
<./Images//activationFunction.png, id=684, 495.0495pt x 342.078pt>
File: ./Images//activationFunction.png Graphic file (type png)
<use ./Images//activationFunction.png>
Package pdftex.def Info: ./Images//activationFunction.png  used on input line 6
13.
(pdftex.def)             Requested size: 297.03198pt x 205.24837pt.
 [25 <./Images//storingVelocities.png> <./Images//dstFiltered.png> <./Images//d
stFilteredMissing.png>]
Underfull \hbox (badness 10000) in paragraph at lines 618--619

 []

[26 <./Images//activationFunction.png>]
Underfull \hbox (badness 10000) in paragraph at lines 623--624

 []

<./Images//bodyResults.png, id=711, 294.50024pt x 228.25275pt>
File: ./Images//bodyResults.png Graphic file (type png)
<use ./Images//bodyResults.png>
Package pdftex.def Info: ./Images//bodyResults.png  used on input line 631.
(pdftex.def)             Requested size: 211.26126pt x 163.74628pt.
<./Images//tailResults.png, id=713, 295.70474pt x 231.86626pt>
File: ./Images//tailResults.png Graphic file (type png)
<use ./Images//tailResults.png>
Package pdftex.def Info: ./Images//tailResults.png  used on input line 643.
(pdftex.def)             Requested size: 211.26126pt x 165.65219pt.
[27 <./Images//bodyResults.png> <./Images//tailResults.png>]
<./Images//legResults.png, id=725, 259.56975pt x 201.75375pt>
File: ./Images//legResults.png Graphic file (type png)
<use ./Images//legResults.png>
Package pdftex.def Info: ./Images//legResults.png  used on input line 655.
(pdftex.def)             Requested size: 211.26126pt x 164.20773pt.

Underfull \hbox (badness 10000) in paragraph at lines 658--660

 []

<./Images//uniformResults.png, id=728, 291.489pt x 231.264pt>
File: ./Images//uniformResults.png Graphic file (type png)
<use ./Images//uniformResults.png>
Package pdftex.def Info: ./Images//uniformResults.png  used on input line 665.
(pdftex.def)             Requested size: 211.26126pt x 167.61446pt.

Underfull \hbox (badness 1178) in paragraph at lines 669--673
\OT1/cmr/m/n/10 The re-sults, shown in []Fig-ure 22[][], sug-gest
 []


Underfull \hbox (badness 1122) in paragraph at lines 669--673
\OT1/cmr/m/n/10 The abil-ity to force a uni-form body was
 []


Underfull \hbox (badness 10000) in paragraph at lines 669--673

 []

<./Images//mutationTypes.png, id=730, 410.13225pt x 287.27325pt>
File: ./Images//mutationTypes.png Graphic file (type png)
<use ./Images//mutationTypes.png>
Package pdftex.def Info: ./Images//mutationTypes.png  used on input line 678.
(pdftex.def)             Requested size: 211.26126pt x 147.97586pt.
<./Images//recombinationTypes.png, id=733, 425.79076pt x 302.3295pt>
File: ./Images//recombinationTypes.png Graphic file (type png)
<use ./Images//recombinationTypes.png>
Package pdftex.def Info: ./Images//recombinationTypes.png  used on input line 6
88.
(pdftex.def)             Requested size: 211.26126pt x 150.00645pt.
[28 <./Images//legResults.png> <./Images//uniformResults.png> <./Images//mutati
onTypes.png>]
Underfull \hbox (badness 1052) in paragraph at lines 692--695
\OT1/cmr/m/n/10 for-mance with \OT1/cmr/m/it/10 Per-for-mance \OT1/cmr/m/n/10 r
e-com-bi-na-tion.
 []


Underfull \hbox (badness 10000) in paragraph at lines 692--695

 []


Underfull \hbox (badness 10000) in paragraph at lines 696--697

 []


Underfull \hbox (badness 10000) in paragraph at lines 698--699

 []

[29 <./Images//recombinationTypes.png>]
<./Images//dstResults.png, id=754, 935.29425pt x 228.855pt>
File: ./Images//dstResults.png Graphic file (type png)
<use ./Images//dstResults.png>
Package pdftex.def Info: ./Images//dstResults.png  used on input line 706.
(pdftex.def)             Requested size: 514.41342pt x 125.87062pt.

Underfull \hbox (badness 10000) in paragraph at lines 710--711

 []


Underfull \hbox (badness 10000) in paragraph at lines 714--716

 []

<./Images//multipleTerrains.png, id=755, 396.48125pt x 304.13625pt>
File: ./Images//multipleTerrains.png Graphic file (type png)
<use ./Images//multipleTerrains.png>
Package pdftex.def Info: ./Images//multipleTerrains.png  used on input line 720
.
(pdftex.def)             Requested size: 317.18542pt x 243.30933pt.
[30 <./Images//dstResults.png>]
Underfull \hbox (badness 10000) in paragraph at lines 724--725

 []


Underfull \hbox (badness 10000) in paragraph at lines 726--728

 []

<./Images//best-above.png, id=762, 158.39175pt x 224.037pt>
File: ./Images//best-above.png Graphic file (type png)
<use ./Images//best-above.png>
Package pdftex.def Info: ./Images//best-above.png  used on input line 734.
(pdftex.def)             Requested size: 84.5032pt x 119.5253pt.
<./Images//best-side.png, id=763, 217.41225pt x 175.857pt>
File: ./Images//best-side.png Graphic file (type png)
<use ./Images//best-side.png>
Package pdftex.def Info: ./Images//best-side.png  used on input line 734.
(pdftex.def)             Requested size: 147.88545pt x 119.62141pt.
[31 <./Images//multipleTerrains.png> <./Images//best-above.png> <./Images//best
-side.png>] [32]
Underfull \hbox (badness 10000) in paragraph at lines 746--747

 []


Underfull \hbox (badness 10000) in paragraph at lines 748--749

 []


Underfull \hbox (badness 10000) in paragraph at lines 750--752

 []


Underfull \hbox (badness 10000) in paragraph at lines 753--754

 []

[33] (main.bbl
Underfull \hbox (badness 10000) in paragraph at lines 4--10
[]$\OT1/cmtt/m/n/10 https : / / www . thebhs . org / publications / the-[]herpe
tological-[]bulletin /
 []


Overfull \hbox (242.97182pt too wide) in paragraph at lines 36--43
[]$\OT1/cmtt/m/n/10 https : / / towardsdatascience . com / reinforcement-[]lear
ning-[]without-[]gradients-[]evolving-[]agents-[]using-[]genetic-[]algorithms-[
]8685817d84f$[] 
 []


Underfull \hbox (badness 10000) in paragraph at lines 87--93
[]$\OT1/cmtt/m/n/10 https : / / www . researchgate . net / publication / 112877
64 _ Dynamic _ field _ theory _ of _
 []


Underfull \hbox (badness 10000) in paragraph at lines 95--101
[]$\OT1/cmtt/m/n/10 https : / / monoskop . org / images / 9 / 9c / Simon _ Herb
ert _ A _ The _ Sciences _ of _ the _
 []

[34]
Overfull \hbox (266.47163pt too wide) in paragraph at lines 154--161
[]$\OT1/cmtt/m/n/10 http : / / extremelearning . com . au / how-[]to-[]evenly-[
]distribute-[]points-[]on-[]a-[]sphere-[]more-[]effectively-[]than-[]the-[]cano
nical-[]fibonacci-[]lattice/$[] 
 []

[35]) (soft.bbl
Underfull \hbox (badness 10000) in paragraph at lines 57--63
[]$\OT1/cmtt/m/n/10 https : / / assetstore . unity . com / packages / tools / u
tilities /
 []

[36]
Underfull \hbox (badness 10000) in paragraph at lines 93--99
[]$\OT1/cmtt/m/n/10 https : / / docs . unity3d . com / Packages / com . unity .
 testtools . codecoverage @ 1 . 1 / manual /
 []


Underfull \hbox (badness 10000) in paragraph at lines 116--122
[]$\OT1/cmtt/m/n/10 https : / / docs . unity3d . com / Packages / com . unity .
 test-[]framework @ 1 . 1 / manual / index .
 []


Underfull \hbox (badness 10000) in paragraph at lines 124--130
[]$\OT1/cmtt/m/n/10 https : / / docs . microsoft . com / en-[]us / visualstudio
 / releases / 2019 / release-[]notes-[]v16 .
 []


Underfull \hbox (badness 10000) in paragraph at lines 132--138
[]$\OT1/cmtt/m/n/10 https : / / assetstore . unity . com / packages / 2d / text
ures-[]materials / metals /
 []

) (code.bbl
Overfull \hbox (20.97374pt too wide) in paragraph at lines 4--10
[]$\OT1/cmtt/m/n/10 https : / / answers . unity . com / questions / 532297 / ro
tate-[]a-[]vector-[]around-[]a-[]certain-[]point .
 []


Overfull \hbox (89.22314pt too wide) in paragraph at lines 12--18
[]$\OT1/cmtt/m/n/10 https : / / answers . unity . com / questions / 1072318 / r
andomrange-[]always-[]generates-[]the-[]exact-[]same-[]number .
 []

[37]
Overfull \hbox (132.72278pt too wide) in paragraph at lines 34--40
[]$\OT1/cmtt/m/n/10 https : / / gamedev . stackexchange . com / questions / 110
958 / what-[]is-[]the-[]proper-[]way-[]to-[]handle-[]data-[]between-[]scenes$[]
 
 []


Overfull \hbox (212.47209pt too wide) in paragraph at lines 57--64
[]$\OT1/cmtt/m/n/10 https : / / math . stackexchange . com / questions / 300724
3 / plot-[]points-[]around-[]circumference-[]of-[]circle-[]in-[]3d-[]space-[]gi
ven-[]3-[]points$[] 
 []


Overfull \hbox (164.7225pt too wide) in paragraph at lines 74--80
[]$\OT1/cmtt/m/n/10 https : / / stackoverflow . com / questions / 48461267 / un
ity-[]how-[]two-[]objects-[]with-[]rigidbody-[]can-[]pass-[]through-[]each-[]ot
her$[] 
 []


Overfull \hbox (31.47365pt too wide) in paragraph at lines 90--96
[]$\OT1/cmtt/m/n/10 https : / / stackoverflow . com / questions / 9600801 / eve
nly-[]distributing-[]n-[]points-[]on-[]a-[]sphere$[] 
 []


Overfull \hbox (74.47328pt too wide) in paragraph at lines 98--104
[]$\OT1/cmtt/m/n/10 https : / / stackoverflow . com / questions / 40869566 / ho
w-[]to-[]change-[]objects-[]layer-[]at-[]runtime-[]in-[]unity$[] 
 []


Overfull \hbox (145.22269pt too wide) in paragraph at lines 106--112
[]$\OT1/cmtt/m/n/10 https : / / stackoverflow . com / questions / 65794490 / un
ity3d-[]check-[]if-[]a-[]point-[]is-[]to-[]the-[]left-[]or-[]right-[]of-[]a-[]v
ector$[] 
 []


Underfull \hbox (badness 10000) in paragraph at lines 114--120
[]$\OT1/cmtt/m/n/10 https : / / docs . microsoft . com / en-[]us / dotnet / api
 / system . io . streamreader ? view = net-[]6 .
 []

[38]
Overfull \hbox (41.47356pt too wide) in paragraph at lines 138--144
[]$\OT1/cmtt/m/n/10 https : / / answers . unity . com / questions / 1677930 / u
pdate-[]vs-[]fixedupdate-[]for-[]object-[]rotation .
 []


Overfull \hbox (84.47319pt too wide) in paragraph at lines 161--167
[]$\OT1/cmtt/m/n/10 https : / / stackoverflow . com / questions / 6219454 / eff
icient-[]way-[]to-[]remove-[]all-[]whitespace-[]from-[]string$[] 
 []


Overfull \hbox (15.22379pt too wide) in paragraph at lines 213--219
[]$\OT1/cmtt/m/n/10 https : / / tex . stackexchange . com / questions / 405195 
/ change-[]the-[]length-[]of-[]footnote-[]line$[] 
 []


Overfull \hbox (144.72269pt too wide) in paragraph at lines 221--227
[]$\OT1/cmtt/m/n/10 https : / / medium . com / luna-[]labs-[]ltd / luna-[]tech-
[]series-[]a-[]deep-[]dive-[]into-[]unity-[]configurable-[]joints-[]96c49138b9b
7$[] 
 []

) [39]
Underfull \hbox (badness 10000) in paragraph at lines 772--775

 []


Overfull \hbox (24.22359pt too wide) in paragraph at lines 781--783
[]$\OT1/cmtt/m/n/10 https : / / docs . google . com / document / d / 17SvBZN9ct
ZutAxGG5i6fcNnbd7-[]2hrrye14ARTxWUa4 / edit ?
 []

[40] (Final Draft.aux)
Package rerunfilecheck Info: File `"Final Draft".out' has not changed.
(rerunfilecheck)             Checksum: DFCBA301B51BB615355F50C9B35394F2;7139.
 ) 
Here is how much of TeX's memory you used:
 12599 strings out of 478659
 212619 string characters out of 2845920
 523036 words of memory out of 3000000
 30337 multiletter control sequences out of 15000+600000
 411204 words of font info for 53 fonts, out of 8000000 for 9000
 1141 hyphenation exceptions out of 8191
 60i,12n,63p,1537b,534s stack positions out of 5000i,500n,10000p,200000b,80000s
 <C:\Users\Molly\AppData\Local\MiKTeX\fonts/pk/ljfour/jknappen/ec/dpi600\tcrm
1000.pk><C:/Users/Molly/AppData/Local/Programs/MiKTeX/fonts/type1/public/amsfon
ts/cm/cmbx10.pfb><C:/Users/Molly/AppData/Local/Programs/MiKTeX/fonts/type1/publ
ic/amsfonts/cm/cmbx12.pfb><C:/Users/Molly/AppData/Local/Programs/MiKTeX/fonts/t
ype1/public/amsfonts/cm/cmbxti10.pfb><C:/Users/Molly/AppData/Local/Programs/MiK
TeX/fonts/type1/public/amsfonts/cm/cmex10.pfb><C:/Users/Molly/AppData/Local/Pro
grams/MiKTeX/fonts/type1/public/amsfonts/cm/cmmi10.pfb><C:/Users/Molly/AppData/
Local/Programs/MiKTeX/fonts/type1/public/amsfonts/cm/cmmi12.pfb><C:/Users/Molly
/AppData/Local/Programs/MiKTeX/fonts/type1/public/amsfonts/cm/cmmi7.pfb><C:/Use
rs/Molly/AppData/Local/Programs/MiKTeX/fonts/type1/public/amsfonts/cm/cmr10.pfb
><C:/Users/Molly/AppData/Local/Programs/MiKTeX/fonts/type1/public/amsfonts/cm/c
mr12.pfb><C:/Users/Molly/AppData/Local/Programs/MiKTeX/fonts/type1/public/amsfo
nts/cm/cmr6.pfb><C:/Users/Molly/AppData/Local/Programs/MiKTeX/fonts/type1/publi
c/amsfonts/cm/cmr7.pfb><C:/Users/Molly/AppData/Local/Programs/MiKTeX/fonts/type
1/public/amsfonts/cm/cmsy10.pfb><C:/Users/Molly/AppData/Local/Programs/MiKTeX/f
onts/type1/public/amsfonts/cm/cmsy7.pfb><C:/Users/Molly/AppData/Local/Programs/
MiKTeX/fonts/type1/public/amsfonts/cm/cmti10.pfb><C:/Users/Molly/AppData/Local/
Programs/MiKTeX/fonts/type1/public/amsfonts/cm/cmtt10.pfb><C:/Users/Molly/AppDa
ta/Local/Programs/MiKTeX/fonts/type1/public/amsfonts/cm/cmtt8.pfb>
Output written on "Final Draft.pdf" (40 pages, 3538236 bytes).
PDF statistics:
 1061 PDF objects out of 1200 (max. 8388607)
 217 named destinations out of 1000 (max. 500000)
 605 words of extra memory for PDF output out of 10000 (max. 10000000)

