\BOOKMARK [1][-]{section.1}{\376\377\000I\000n\000t\000r\000o\000d\000u\000c\000t\000i\000o\000n}{}% 1
\BOOKMARK [1][-]{section.2}{\376\377\000P\000r\000o\000j\000e\000c\000t\000\040\000D\000e\000s\000i\000g\000n}{}% 2
\BOOKMARK [2][-]{subsection.2.1}{\376\377\000R\000o\000b\000o\000t\000\040\000D\000e\000s\000i\000g\000n}{section.2}% 3
\BOOKMARK [3][-]{subsubsection.2.1.1}{\376\377\000B\000o\000d\000y\000\040\000D\000e\000s\000i\000g\000n}{subsection.2.1}% 4
\BOOKMARK [3][-]{subsubsection.2.1.2}{\376\377\000T\000a\000i\000l\000\040\000D\000e\000s\000i\000g\000n}{subsection.2.1}% 5
\BOOKMARK [3][-]{subsubsection.2.1.3}{\376\377\000L\000e\000g\000\040\000D\000e\000s\000i\000g\000n}{subsection.2.1}% 6
\BOOKMARK [2][-]{subsection.2.2}{\376\377\000A\000I\000\040\000D\000e\000s\000i\000g\000n}{section.2}% 7
\BOOKMARK [3][-]{subsubsection.2.2.1}{\376\377\000G\000e\000n\000e\000t\000i\000c\000\040\000A\000l\000g\000o\000r\000i\000t\000h\000m\000\040\000D\000e\000s\000i\000g\000n}{subsection.2.2}% 8
\BOOKMARK [3][-]{subsubsection.2.2.2}{\376\377\000D\000y\000n\000a\000m\000i\000c\000\040\000M\000o\000v\000e\000m\000e\000n\000t\000\040\000D\000e\000s\000i\000g\000n}{subsection.2.2}% 9
\BOOKMARK [2][-]{subsection.2.3}{\376\377\000T\000e\000r\000r\000a\000i\000n\000\040\000G\000e\000n\000e\000r\000a\000t\000i\000o\000n}{section.2}% 10
\BOOKMARK [2][-]{subsection.2.4}{\376\377\000E\000x\000t\000e\000n\000s\000i\000o\000n\000\040\000-\000\040\000V\000i\000s\000i\000o\000n}{section.2}% 11
\BOOKMARK [1][-]{section.3}{\376\377\000R\000e\000l\000a\000t\000e\000d\000\040\000W\000o\000r\000k}{}% 12
\BOOKMARK [2][-]{subsection.3.1}{\376\377\000M\000o\000d\000u\000l\000a\000r\000\040\000S\000n\000a\000k\000e\000\040\000R\000o\000b\000o\000t}{section.3}% 13
\BOOKMARK [2][-]{subsection.3.2}{\376\377\000A\000g\000a\000m\000a\000\040\000R\000o\000b\000o\000t}{section.3}% 14
\BOOKMARK [2][-]{subsection.3.3}{\376\377\000S\000a\000l\000a\000m\000a\000n\000d\000r\000a\000\040\000R\000o\000b\000o\000t\000i\000c\000a\000\040\000I\000I}{section.3}% 15
\BOOKMARK [2][-]{subsection.3.4}{\376\377\000E\000v\000o\000l\000u\000t\000i\000o\000n\000\040\000G\000y\000m}{section.3}% 16
\BOOKMARK [1][-]{section.4}{\376\377\000R\000e\000q\000u\000i\000r\000e\000m\000e\000n\000t\000s\000\040\000A\000n\000a\000l\000y\000s\000i\000s}{}% 17
\BOOKMARK [2][-]{subsection.4.1}{\376\377\000F\000u\000n\000c\000t\000i\000o\000n\000a\000l\000\040\000R\000e\000q\000u\000i\000r\000e\000m\000e\000n\000t\000s}{section.4}% 18
\BOOKMARK [3][-]{subsubsection.4.1.1}{\376\377\000R\000e\000a\000l\000i\000s\000t\000i\000c\000\040\000P\000h\000y\000s\000i\000c\000s}{subsection.4.1}% 19
\BOOKMARK [3][-]{subsubsection.4.1.2}{\376\377\000T\000r\000a\000n\000s\000f\000e\000r\000a\000b\000l\000e\000\040\000D\000e\000s\000i\000g\000n}{subsection.4.1}% 20
\BOOKMARK [3][-]{subsubsection.4.1.3}{\376\377\000C\000o\000l\000l\000i\000s\000i\000o\000n\000\040\000D\000a\000m\000a\000g\000e\000\040\000R\000e\000d\000u\000c\000t\000i\000o\000n}{subsection.4.1}% 21
\BOOKMARK [3][-]{subsubsection.4.1.4}{\376\377\000E\000f\000f\000e\000c\000t\000i\000v\000e\000\040\000A\000I}{subsection.4.1}% 22
\BOOKMARK [3][-]{subsubsection.4.1.5}{\376\377\000D\000y\000n\000a\000m\000i\000c\000\040\000M\000o\000v\000e\000m\000e\000n\000t}{subsection.4.1}% 23
\BOOKMARK [3][-]{subsubsection.4.1.6}{\376\377\000M\000u\000l\000t\000i\000p\000l\000e\000\040\000T\000e\000r\000r\000a\000i\000n\000s}{subsection.4.1}% 24
\BOOKMARK [2][-]{subsection.4.2}{\376\377\000P\000r\000o\000j\000e\000c\000t\000\040\000L\000i\000m\000i\000t\000a\000t\000i\000o\000n\000s}{section.4}% 25
\BOOKMARK [3][-]{subsubsection.4.2.1}{\376\377\000P\000h\000y\000s\000i\000c\000a\000l\000\040\000T\000e\000s\000t\000i\000n\000g}{subsection.4.2}% 26
\BOOKMARK [3][-]{subsubsection.4.2.2}{\376\377\000C\000u\000s\000t\000o\000m\000i\000s\000a\000b\000l\000e\000\040\000I\000n\000p\000u\000t}{subsection.4.2}% 27
\BOOKMARK [1][-]{section.5}{\376\377\000I\000m\000p\000l\000e\000m\000e\000n\000t\000a\000t\000i\000o\000n}{}% 28
\BOOKMARK [2][-]{subsection.5.1}{\376\377\000T\000e\000r\000r\000a\000i\000n}{section.5}% 29
\BOOKMARK [2][-]{subsection.5.2}{\376\377\000R\000o\000b\000o\000t}{section.5}% 30
\BOOKMARK [3][-]{subsubsection.5.2.1}{\376\377\000B\000o\000d\000y}{subsection.5.2}% 31
\BOOKMARK [3][-]{subsubsection.5.2.2}{\376\377\000T\000a\000i\000l}{subsection.5.2}% 32
\BOOKMARK [3][-]{subsubsection.5.2.3}{\376\377\000L\000e\000g\000s}{subsection.5.2}% 33
\BOOKMARK [2][-]{subsection.5.3}{\376\377\000A\000r\000t\000i\000f\000i\000c\000a\000l\000\040\000I\000n\000t\000e\000l\000l\000i\000g\000e\000n\000c\000e}{section.5}% 34
\BOOKMARK [3][-]{subsubsection.5.3.1}{\376\377\000P\000e\000r\000f\000o\000r\000m\000a\000n\000c\000e}{subsection.5.3}% 35
\BOOKMARK [3][-]{subsubsection.5.3.2}{\376\377\000T\000r\000a\000p\000p\000e\000d\000\040\000A\000l\000g\000o\000r\000i\000t\000h\000m}{subsection.5.3}% 36
\BOOKMARK [3][-]{subsubsection.5.3.3}{\376\377\000G\000e\000n\000e\000s}{subsection.5.3}% 37
\BOOKMARK [3][-]{subsubsection.5.3.4}{\376\377\000G\000e\000n\000e\000t\000i\000c\000\040\000A\000l\000g\000o\000r\000i\000t\000h\000m}{subsection.5.3}% 38
\BOOKMARK [3][-]{subsubsection.5.3.5}{\376\377\000D\000y\000n\000a\000m\000i\000c\000\040\000M\000o\000v\000e\000m\000e\000n\000t}{subsection.5.3}% 39
\BOOKMARK [1][-]{section.6}{\376\377\000R\000e\000s\000u\000l\000t\000s}{}% 40
\BOOKMARK [2][-]{subsection.6.1}{\376\377\000B\000o\000d\000y\000\040\000M\000o\000t\000i\000o\000n}{section.6}% 41
\BOOKMARK [2][-]{subsection.6.2}{\376\377\000C\000o\000u\000n\000t\000e\000r\000b\000a\000l\000a\000n\000c\000i\000n\000g\000\040\000T\000a\000i\000l}{section.6}% 42
\BOOKMARK [2][-]{subsection.6.3}{\376\377\000L\000e\000g\000\040\000G\000a\000i\000t}{section.6}% 43
\BOOKMARK [2][-]{subsection.6.4}{\376\377\000U\000n\000i\000f\000o\000r\000m\000\040\000v\000s\000\040\000N\000o\000n\000-\000u\000n\000i\000f\000o\000r\000m\000\040\000R\000o\000b\000o\000t}{section.6}% 44
\BOOKMARK [2][-]{subsection.6.5}{\376\377\000M\000u\000t\000a\000t\000i\000o\000n\000\040\000C\000o\000n\000s\000t\000r\000a\000i\000n\000t\000s}{section.6}% 45
\BOOKMARK [2][-]{subsection.6.6}{\376\377\000R\000e\000c\000o\000m\000b\000i\000n\000a\000t\000i\000o\000n\000\040\000M\000e\000t\000h\000o\000d\000s}{section.6}% 46
\BOOKMARK [2][-]{subsection.6.7}{\376\377\000D\000y\000n\000a\000m\000i\000c\000\040\000M\000o\000v\000e\000m\000e\000n\000t}{section.6}% 47
\BOOKMARK [2][-]{subsection.6.8}{\376\377\000E\000v\000o\000l\000v\000e\000d\000\040\000R\000o\000b\000o\000t\000s}{section.6}% 48
\BOOKMARK [1][-]{section.7}{\376\377\000C\000o\000n\000c\000l\000u\000s\000i\000o\000n}{}% 49
\BOOKMARK [1][-]{section.8}{\376\377\000R\000e\000f\000e\000r\000e\000n\000c\000e\000s}{}% 50
\BOOKMARK [1][-]{section.9}{\376\377\000A\000p\000p\000e\000n\000d\000i\000c\000e\000s}{}% 51
\BOOKMARK [2][-]{subsection.9.1}{\376\377\000P\000r\000o\000g\000r\000e\000s\000s\000\040\000L\000o\000g\000s}{section.9}% 52
\BOOKMARK [2][-]{subsection.9.2}{\376\377\000P\000r\000o\000j\000e\000c\000t\000\040\000P\000r\000o\000p\000o\000s\000a\000l}{section.9}% 53
