This is pdfTeX, Version 3.141592653-2.6-1.40.24 (MiKTeX 21.12) (preloaded format=pdflatex 2022.4.11)  28 APR 2022 17:33
entering extended mode
 restricted \write18 enabled.
 %&-line parsing enabled.
**"./Second Draft.tex"
(Second Draft.tex
LaTeX2e <2021-11-15> patch level 1
L3 programming layer <2021-11-22>
(C:\Users\Molly\AppData\Local\Programs\MiKTeX\tex/latex/base\article.cls
Document Class: article 2021/10/04 v1.4n Standard LaTeX document class
(C:\Users\Molly\AppData\Local\Programs\MiKTeX\tex/latex/base\size10.clo
File: size10.clo 2021/10/04 v1.4n Standard LaTeX file (size option)
)
\c@part=\count183
\c@section=\count184
\c@subsection=\count185
\c@subsubsection=\count186
\c@paragraph=\count187
\c@subparagraph=\count188
\c@figure=\count189
\c@table=\count190
\abovecaptionskip=\skip47
\belowcaptionskip=\skip48
\bibindent=\dimen138
)
(C:\Users\Molly\AppData\Local\Programs\MiKTeX\tex/generic/babel\babel.sty
Package: babel 2021/11/29 3.67 The Babel package
\babel@savecnt=\count191
\U@D=\dimen139
\l@unhyphenated=\language79

(C:\Users\Molly\AppData\Local\Programs\MiKTeX\tex/generic/babel\txtbabel.def)
\bbl@readstream=\read2
\bbl@dirlevel=\count192

*************************************
* Local config file bblopts.cfg used
*
(C:\Users\Molly\AppData\Local\Programs\MiKTeX\tex/latex/arabi\bblopts.cfg
File: bblopts.cfg 2005/09/08 v0.1 add Arabic and Farsi to "declared" options of
 babel
)
(C:\Users\Molly\AppData\Local\Programs\MiKTeX\tex/latex/babel-english\english.l
df
Language: english 2017/06/06 v3.3r English support from the babel system
Package babel Info: Hyphen rules for 'canadian' set to \l@english
(babel)             (\language0). Reported on input line 102.
Package babel Info: Hyphen rules for 'australian' set to \l@ukenglish
(babel)             (\language73). Reported on input line 105.
Package babel Info: Hyphen rules for 'newzealand' set to \l@ukenglish
(babel)             (\language73). Reported on input line 108.
)) (C:\Users\Molly\AppData\Local\Programs\MiKTeX\tex/latex/base\inputenc.sty
Package: inputenc 2021/02/14 v1.3d Input encoding file
\inpenc@prehook=\toks16
\inpenc@posthook=\toks17
) (C:\Users\Molly\AppData\Local\Programs\MiKTeX\tex/latex/fancyhdr\fancyhdr.sty
Package: fancyhdr 2021/01/28 v4.0.1 Extensive control of page headers and foote
rs
\f@nch@headwidth=\skip49
\f@nch@O@elh=\skip50
\f@nch@O@erh=\skip51
\f@nch@O@olh=\skip52
\f@nch@O@orh=\skip53
\f@nch@O@elf=\skip54
\f@nch@O@erf=\skip55
\f@nch@O@olf=\skip56
\f@nch@O@orf=\skip57
) (C:\Users\Molly\AppData\Local\Programs\MiKTeX\tex/latex/natbib\natbib.sty
Package: natbib 2010/09/13 8.31b (PWD, AO)
\bibhang=\skip58
\bibsep=\skip59
LaTeX Info: Redefining \cite on input line 694.
\c@NAT@ctr=\count193
)
(C:\Users\Molly\AppData\Local\Programs\MiKTeX\tex/latex/multibib\multibib.sty
Package: multibib 2008/12/10 v1.4 Multiple bibliographies for one document.
\mb@biblabelwidth=\count194
)
\@auxoutmain=\write3

(main.aux)
\openout3 = `main.aux'.

\@auxoutcode=\write4
 (code.aux)
\openout4 = `code.aux'.

\@auxoutsoft=\write5
 (soft.aux)
\openout5 = `soft.aux'.


(C:\Users\Molly\AppData\Local\Programs\MiKTeX\tex/latex/graphics\graphicx.sty
Package: graphicx 2021/09/16 v1.2d Enhanced LaTeX Graphics (DPC,SPQR)

(C:\Users\Molly\AppData\Local\Programs\MiKTeX\tex/latex/graphics\keyval.sty
Package: keyval 2014/10/28 v1.15 key=value parser (DPC)
\KV@toks@=\toks18
)
(C:\Users\Molly\AppData\Local\Programs\MiKTeX\tex/latex/graphics\graphics.sty
Package: graphics 2021/03/04 v1.4d Standard LaTeX Graphics (DPC,SPQR)

(C:\Users\Molly\AppData\Local\Programs\MiKTeX\tex/latex/graphics\trig.sty
Package: trig 2021/08/11 v1.11 sin cos tan (DPC)
)
(C:\Users\Molly\AppData\Local\Programs\MiKTeX\tex/latex/graphics-cfg\graphics.c
fg
File: graphics.cfg 2016/06/04 v1.11 sample graphics configuration
)
Package graphics Info: Driver file: pdftex.def on input line 107.

(C:\Users\Molly\AppData\Local\Programs\MiKTeX\tex/latex/graphics-def\pdftex.def
File: pdftex.def 2020/10/05 v1.2a Graphics/color driver for pdftex
))
\Gin@req@height=\dimen140
\Gin@req@width=\dimen141
) (C:\Users\Molly\AppData\Local\Programs\MiKTeX\tex/latex/wrapfig\wrapfig.sty
\wrapoverhang=\dimen142
\WF@size=\dimen143
\c@WF@wrappedlines=\count195
\WF@box=\box50
\WF@everypar=\toks19
Package: wrapfig 2003/01/31  v 3.6
) (C:\Users\Molly\AppData\Local\Programs\MiKTeX\tex/latex/geometry\geometry.sty
Package: geometry 2020/01/02 v5.9 Page Geometry
(C:\Users\Molly\AppData\Local\Programs\MiKTeX\tex/generic/iftex\ifvtex.sty
Package: ifvtex 2019/10/25 v1.7 ifvtex legacy package. Use iftex instead.

(C:\Users\Molly\AppData\Local\Programs\MiKTeX\tex/generic/iftex\iftex.sty
Package: iftex 2020/03/06 v1.0d TeX engine tests
))
\Gm@cnth=\count196
\Gm@cntv=\count197
\c@Gm@tempcnt=\count198
\Gm@bindingoffset=\dimen144
\Gm@wd@mp=\dimen145
\Gm@odd@mp=\dimen146
\Gm@even@mp=\dimen147
\Gm@layoutwidth=\dimen148
\Gm@layoutheight=\dimen149
\Gm@layouthoffset=\dimen150
\Gm@layoutvoffset=\dimen151
\Gm@dimlist=\toks20

(C:\Users\Molly\AppData\Local\Programs\MiKTeX\tex/latex/geometry\geometry.cfg))
(C:\Users\Molly\AppData\Local\Programs\MiKTeX\tex/latex/float\float.sty
Package: float 2001/11/08 v1.3d Float enhancements (AL)
\c@float@type=\count199
\float@exts=\toks21
\float@box=\box51
\@float@everytoks=\toks22
\@floatcapt=\box52
)
(C:\Users\Molly\AppData\Local\Programs\MiKTeX\tex/latex/hyperref\hyperref.sty
Package: hyperref 2021-06-07 v7.00m Hypertext links for LaTeX

(C:\Users\Molly\AppData\Local\Programs\MiKTeX\tex/generic/ltxcmds\ltxcmds.sty
Package: ltxcmds 2020-05-10 v1.25 LaTeX kernel commands for general use (HO)
)
(C:\Users\Molly\AppData\Local\Programs\MiKTeX\tex/generic/pdftexcmds\pdftexcmds
.sty
Package: pdftexcmds 2020-06-27 v0.33 Utility functions of pdfTeX for LuaTeX (HO
)

(C:\Users\Molly\AppData\Local\Programs\MiKTeX\tex/generic/infwarerr\infwarerr.s
ty
Package: infwarerr 2019/12/03 v1.5 Providing info/warning/error messages (HO)
)
Package pdftexcmds Info: \pdf@primitive is available.
Package pdftexcmds Info: \pdf@ifprimitive is available.
Package pdftexcmds Info: \pdfdraftmode found.
)
(C:\Users\Molly\AppData\Local\Programs\MiKTeX\tex/generic/kvsetkeys\kvsetkeys.s
ty
Package: kvsetkeys 2019/12/15 v1.18 Key value parser (HO)
)
(C:\Users\Molly\AppData\Local\Programs\MiKTeX\tex/generic/kvdefinekeys\kvdefine
keys.sty
Package: kvdefinekeys 2019-12-19 v1.6 Define keys (HO)
)
(C:\Users\Molly\AppData\Local\Programs\MiKTeX\tex/generic/pdfescape\pdfescape.s
ty
Package: pdfescape 2019/12/09 v1.15 Implements pdfTeX's escape features (HO)
) (C:\Users\Molly\AppData\Local\Programs\MiKTeX\tex/latex/hycolor\hycolor.sty
Package: hycolor 2020-01-27 v1.10 Color options for hyperref/bookmark (HO)
)
(C:\Users\Molly\AppData\Local\Programs\MiKTeX\tex/latex/letltxmacro\letltxmacro
.sty
Package: letltxmacro 2019/12/03 v1.6 Let assignment for LaTeX macros (HO)
)
(C:\Users\Molly\AppData\Local\Programs\MiKTeX\tex/latex/auxhook\auxhook.sty
Package: auxhook 2019-12-17 v1.6 Hooks for auxiliary files (HO)
)
(C:\Users\Molly\AppData\Local\Programs\MiKTeX\tex/latex/kvoptions\kvoptions.sty
Package: kvoptions 2020-10-07 v3.14 Key value format for package options (HO)
)
\@linkdim=\dimen152
\Hy@linkcounter=\count266
\Hy@pagecounter=\count267
 (C:\Users\Molly\AppData\Local\Programs\MiKTeX\tex/latex/hyperref\pd1enc.def
File: pd1enc.def 2021-06-07 v7.00m Hyperref: PDFDocEncoding definition (HO)
Now handling font encoding PD1 ...
... no UTF-8 mapping file for font encoding PD1
)
(C:\Users\Molly\AppData\Local\Programs\MiKTeX\tex/latex/hyperref\hyperref-langp
atches.def
File: hyperref-langpatches.def 2021-06-07 v7.00m Hyperref: patches for babel la
nguages
)
(C:\Users\Molly\AppData\Local\Programs\MiKTeX\tex/generic/intcalc\intcalc.sty
Package: intcalc 2019/12/15 v1.3 Expandable calculations with integers (HO)
)
(C:\Users\Molly\AppData\Local\Programs\MiKTeX\tex/generic/etexcmds\etexcmds.sty
Package: etexcmds 2019/12/15 v1.7 Avoid name clashes with e-TeX commands (HO)
)
\Hy@SavedSpaceFactor=\count268
 (C:\Users\Molly\AppData\Local\Programs\MiKTeX\tex/latex/hyperref\puenc.def
File: puenc.def 2021-06-07 v7.00m Hyperref: PDF Unicode definition (HO)
Now handling font encoding PU ...
... no UTF-8 mapping file for font encoding PU
)
Package hyperref Info: Hyper figures OFF on input line 4192.
Package hyperref Info: Link nesting OFF on input line 4197.
Package hyperref Info: Hyper index ON on input line 4200.
Package hyperref Info: Plain pages OFF on input line 4207.
Package hyperref Info: Backreferencing OFF on input line 4212.
Package hyperref Info: Implicit mode ON; LaTeX internals redefined.
Package hyperref Info: Bookmarks ON on input line 4445.
\c@Hy@tempcnt=\count269

(C:\Users\Molly\AppData\Local\Programs\MiKTeX\tex/latex/url\url.sty
\Urlmuskip=\muskip16
Package: url 2013/09/16  ver 3.4  Verb mode for urls, etc.
)
LaTeX Info: Redefining \url on input line 4804.
\XeTeXLinkMargin=\dimen153

(C:\Users\Molly\AppData\Local\Programs\MiKTeX\tex/generic/bitset\bitset.sty
Package: bitset 2019/12/09 v1.3 Handle bit-vector datatype (HO)

(C:\Users\Molly\AppData\Local\Programs\MiKTeX\tex/generic/bigintcalc\bigintcalc
.sty
Package: bigintcalc 2019/12/15 v1.5 Expandable calculations on big integers (HO
)
))
\Fld@menulength=\count270
\Field@Width=\dimen154
\Fld@charsize=\dimen155
Package hyperref Info: Hyper figures OFF on input line 6076.
Package hyperref Info: Link nesting OFF on input line 6081.
Package hyperref Info: Hyper index ON on input line 6084.
Package hyperref Info: backreferencing OFF on input line 6091.
Package hyperref Info: Link coloring OFF on input line 6096.
Package hyperref Info: Link coloring with OCG OFF on input line 6101.
Package hyperref Info: PDF/A mode OFF on input line 6106.
LaTeX Info: Redefining \ref on input line 6146.
LaTeX Info: Redefining \pageref on input line 6150.

(C:\Users\Molly\AppData\Local\Programs\MiKTeX\tex/latex/base\atbegshi-ltx.sty
Package: atbegshi-ltx 2021/01/10 v1.0c Emulation of the original atbegshi
package with kernel methods
)
\Hy@abspage=\count271
\c@Item=\count272
\c@Hfootnote=\count273
)
Package hyperref Info: Driver (autodetected): hpdftex.
(C:\Users\Molly\AppData\Local\Programs\MiKTeX\tex/latex/hyperref\hpdftex.def
File: hpdftex.def 2021-06-07 v7.00m Hyperref driver for pdfTeX

(C:\Users\Molly\AppData\Local\Programs\MiKTeX\tex/latex/base\atveryend-ltx.sty
Package: atveryend-ltx 2020/08/19 v1.0a Emulation of the original atveryend pac
kage
with kernel methods
)
\Fld@listcount=\count274
\c@bookmark@seq@number=\count275

(C:\Users\Molly\AppData\Local\Programs\MiKTeX\tex/latex/rerunfilecheck\rerunfil
echeck.sty
Package: rerunfilecheck 2019/12/05 v1.9 Rerun checks for auxiliary files (HO)

(C:\Users\Molly\AppData\Local\Programs\MiKTeX\tex/generic/uniquecounter\uniquec
ounter.sty
Package: uniquecounter 2019/12/15 v1.4 Provide unlimited unique counter (HO)
)
Package uniquecounter Info: New unique counter `rerunfilecheck' on input line 2
86.
)
\Hy@SectionHShift=\skip60
)
(C:\Users\Molly\AppData\Local\Programs\MiKTeX\tex/latex/l3backend\l3backend-pdf
tex.def
File: l3backend-pdftex.def 2021-10-18 L3 backend support: PDF output (pdfTeX)
\l__color_backend_stack_int=\count276
\l__pdf_internal_box=\box53
) (Second Draft.aux)
\openout1 = `"Second Draft.aux"'.

LaTeX Font Info:    Checking defaults for OML/cmm/m/it on input line 37.
LaTeX Font Info:    ... okay on input line 37.
LaTeX Font Info:    Checking defaults for OMS/cmsy/m/n on input line 37.
LaTeX Font Info:    ... okay on input line 37.
LaTeX Font Info:    Checking defaults for OT1/cmr/m/n on input line 37.
LaTeX Font Info:    ... okay on input line 37.
LaTeX Font Info:    Checking defaults for T1/cmr/m/n on input line 37.
LaTeX Font Info:    ... okay on input line 37.
LaTeX Font Info:    Checking defaults for TS1/cmr/m/n on input line 37.
LaTeX Font Info:    ... okay on input line 37.
LaTeX Font Info:    Checking defaults for OMX/cmex/m/n on input line 37.
LaTeX Font Info:    ... okay on input line 37.
LaTeX Font Info:    Checking defaults for U/cmr/m/n on input line 37.
LaTeX Font Info:    ... okay on input line 37.
LaTeX Font Info:    Checking defaults for PD1/pdf/m/n on input line 37.
LaTeX Font Info:    ... okay on input line 37.
LaTeX Font Info:    Checking defaults for PU/pdf/m/n on input line 37.
LaTeX Font Info:    ... okay on input line 37.

(C:\Users\Molly\AppData\Local\Programs\MiKTeX\tex/context/base/mkii\supp-pdf.mk
ii
[Loading MPS to PDF converter (version 2006.09.02).]
\scratchcounter=\count277
\scratchdimen=\dimen156
\scratchbox=\box54
\nofMPsegments=\count278
\nofMParguments=\count279
\everyMPshowfont=\toks23
\MPscratchCnt=\count280
\MPscratchDim=\dimen157
\MPnumerator=\count281
\makeMPintoPDFobject=\count282
\everyMPtoPDFconversion=\toks24
)
(C:\Users\Molly\AppData\Local\Programs\MiKTeX\tex/latex/epstopdf-pkg\epstopdf-b
ase.sty
Package: epstopdf-base 2020-01-24 v2.11 Base part for package epstopdf
Package epstopdf-base Info: Redefining graphics rule for `.eps' on input line 4
85.

(C:\Users\Molly\AppData\Local\Programs\MiKTeX\tex/latex/00miktex\epstopdf-sys.c
fg
File: epstopdf-sys.cfg 2021/03/18 v2.0 Configuration of epstopdf for MiKTeX
))
*geometry* driver: auto-detecting
*geometry* detected driver: pdftex
*geometry* verbose mode - [ preamble ] result:
* driver: pdftex
* paper: a4paper
* layout: <same size as paper>
* layoutoffset:(h,v)=(0.0pt,0.0pt)
* modes: 
* h-part:(L,W,R)=(85.35826pt, 422.52252pt, 89.62709pt)
* v-part:(T,H,B)=(85.35826pt, 658.28194pt, 101.40665pt)
* \paperwidth=597.50787pt
* \paperheight=845.04684pt
* \textwidth=422.52252pt
* \textheight=658.28194pt
* \oddsidemargin=13.08827pt
* \evensidemargin=13.08827pt
* \topmargin=-23.91173pt
* \headheight=22.54448pt
* \headsep=25.0pt
* \topskip=10.0pt
* \footskip=30.0pt
* \marginparwidth=65.0pt
* \marginparsep=11.0pt
* \columnsep=10.0pt
* \skip\footins=9.0pt plus 4.0pt minus 2.0pt
* \hoffset=0.0pt
* \voffset=0.0pt
* \mag=1000
* \@twocolumnfalse
* \@twosidefalse
* \@mparswitchfalse
* \@reversemarginfalse
* (1in=72.27pt=25.4mm, 1cm=28.453pt)

Package hyperref Info: Link coloring OFF on input line 37.
(C:\Users\Molly\AppData\Local\Programs\MiKTeX\tex/latex/hyperref\nameref.sty
Package: nameref 2021-04-02 v2.47 Cross-referencing by name of section

(C:\Users\Molly\AppData\Local\Programs\MiKTeX\tex/latex/refcount\refcount.sty
Package: refcount 2019/12/15 v3.6 Data extraction from label references (HO)
)
(C:\Users\Molly\AppData\Local\Programs\MiKTeX\tex/generic/gettitlestring\gettit
lestring.sty
Package: gettitlestring 2019/12/15 v1.6 Cleanup title references (HO)
)
\c@section@level=\count283
)
LaTeX Info: Redefining \ref on input line 37.
LaTeX Info: Redefining \pageref on input line 37.
LaTeX Info: Redefining \nameref on input line 37.
 (Second Draft.out) (Second Draft.out)
\@outlinefile=\write6
\openout6 = `"Second Draft.out"'.


Underfull \hbox (badness 10000) in paragraph at lines 41--41

 []

LaTeX Font Info:    External font `cmex10' loaded for size
(Font)              <7> on input line 53.
LaTeX Font Info:    External font `cmex10' loaded for size
(Font)              <5> on input line 53.
[1{C:/Users/Molly/AppData/Local/MiKTeX/fonts/map/pdftex/pdftex.map}

]
Underfull \hbox (badness 10000) in paragraph at lines 68--70

 []

LaTeX Font Info:    External font `cmex10' loaded for size
(Font)              <8> on input line 71.
LaTeX Font Info:    External font `cmex10' loaded for size
(Font)              <6> on input line 71.
[2] (Second Draft.toc [3])
\tf@toc=\write7
\openout7 = `"Second Draft.toc"'.

 [4]
Underfull \hbox (badness 10000) in paragraph at lines 95--96

 []


Underfull \hbox (badness 10000) in paragraph at lines 97--98

 []


Underfull \hbox (badness 10000) in paragraph at lines 99--100

 []

[5]
Underfull \hbox (badness 10000) in paragraph at lines 108--110

 []


Underfull \hbox (badness 10000) in paragraph at lines 111--112

 []


Underfull \hbox (badness 10000) in paragraph at lines 117--119

 []


Underfull \hbox (badness 10000) in paragraph at lines 120--121

 []


Underfull \hbox (badness 10000) in paragraph at lines 122--123

 []

<./Images//robotDesign.png, id=332, 425.1885pt x 159.59625pt>
File: ./Images//robotDesign.png Graphic file (type png)
<use ./Images//robotDesign.png>
Package pdftex.def Info: ./Images//robotDesign.png  used on input line 126.
(pdftex.def)             Requested size: 212.59372pt x 79.79791pt.
[6 <./Images//robotDesign.png>]
<./Images//serpentine.png, id=342, 81.30376pt x 95.1555pt>
File: ./Images//serpentine.png Graphic file (type png)
<use ./Images//serpentine.png>
Package pdftex.def Info: ./Images//serpentine.png  used on input line 136.
(pdftex.def)             Requested size: 126.75804pt x 148.36499pt.

Underfull \hbox (badness 1163) in paragraph at lines 138--138
\OT1/cmr/m/n/10 us-ing a ser-pen-tine method
 []


Underfull \hbox (badness 7326) in paragraph at lines 138--138
\OT1/cmr/m/n/10 of lo-co-mo-tion [[]Alexan-der[],
 []


Underfull \hbox (badness 2035) in paragraph at lines 143--144
[]\OT1/cmr/m/n/10 To achieve this, each mod-ule will have the abil-ity to
 []


Underfull \hbox (badness 1521) in paragraph at lines 143--144
\OT1/cmr/m/n/10 drive for-ward and/or ro-tate and will have its own set of
 []


Underfull \hbox (badness 1178) in paragraph at lines 143--144
\OT1/cmr/m/n/10 pa-ram-e-ters (e.g. speed). To im-prove the flu-id-ity of the
 []


Underfull \hbox (badness 2717) in paragraph at lines 143--144
\OT1/cmr/m/n/10 It is worth not-ing that the body will not im-ple-ment a
 []


Underfull \hbox (badness 10000) in paragraph at lines 143--144

 []

<./Images//serpentineDiagram.png, id=351, 265.59225pt x 48.78226pt>
File: ./Images//serpentineDiagram.png Graphic file (type png)
<use ./Images//serpentineDiagram.png>
Package pdftex.def Info: ./Images//serpentineDiagram.png  used on input line 14
8.
(pdftex.def)             Requested size: 159.35657pt x 29.26956pt.

Underfull \hbox (badness 10000) in paragraph at lines 145--151

 []

[7 <./Images//serpentine.png> <./Images//serpentineDiagram.png>]
<./Images//agamaJump.png, id=374, 483.60675pt x 373.99725pt>
File: ./Images//agamaJump.png Graphic file (type png)
<use ./Images//agamaJump.png>
Package pdftex.def Info: ./Images//agamaJump.png  used on input line 164.
(pdftex.def)             Requested size: 290.16628pt x 224.40007pt.
<./Images//lizardGait.png, id=379, 199.947pt x 83.1105pt>
File: ./Images//lizardGait.png Graphic file (type png)
<use ./Images//lizardGait.png>
Package pdftex.def Info: ./Images//lizardGait.png  used on input line 174.
(pdftex.def)             Requested size: 199.9465pt x 83.11028pt.
 [8 <./Images//agamaJump.png> <./Images//lizardGait.png>]
Underfull \hbox (badness 10000) in paragraph at lines 182--183

 []


Underfull \hbox (badness 10000) in paragraph at lines 184--185

 []


Underfull \hbox (badness 10000) in paragraph at lines 186--188

 []


Underfull \hbox (badness 10000) in paragraph at lines 189--191

 []


Underfull \hbox (badness 10000) in paragraph at lines 192--194

 []


Underfull \hbox (badness 10000) in paragraph at lines 195--196

 []

[9]
<./Images//activationExample.png, id=427, 186.6975pt x 110.814pt>
File: ./Images//activationExample.png Graphic file (type png)
<use ./Images//activationExample.png>
Package pdftex.def Info: ./Images//activationExample.png  used on input line 20
3.
(pdftex.def)             Requested size: 126.75804pt x 75.23752pt.

Underfull \hbox (badness 1253) in paragraph at lines 204--204
[]\OT1/cmr/m/n/10 Figure 6: []An ex-am-ple of
 []


Underfull \hbox (badness 2005) in paragraph at lines 204--204
\OT1/cmr/m/n/10 with a stronger ac-ti-va-tion
 []


Underfull \hbox (badness 10000) in paragraph at lines 208--210

 []

[10 <./Images//activationExample.png>]
Underfull \hbox (badness 10000) in paragraph at lines 219--221

 []


Underfull \hbox (badness 10000) in paragraph at lines 222--224

 []

[11] [12]
<./Images//salamandraTurning.png, id=488, 308.352pt x 171.64125pt>
File: ./Images//salamandraTurning.png Graphic file (type png)
<use ./Images//salamandraTurning.png>
Package pdftex.def Info: ./Images//salamandraTurning.png  used on input line 25
2.
(pdftex.def)             Requested size: 215.84492pt x 120.14804pt.

Underfull \hbox (badness 10000) in paragraph at lines 248--255

 []

[13 <./Images//salamandraTurning.png>] [14] [15]
<./Images//smoothTerrain.png, id=519, 301.125pt x 271.0125pt>
File: ./Images//smoothTerrain.png Graphic file (type png)
<use ./Images//smoothTerrain.png>
Package pdftex.def Info: ./Images//smoothTerrain.png  used on input line 321.
(pdftex.def)             Requested size: 90.33818pt x 81.30437pt.
<./Images//unevenTerrain.png, id=520, 301.125pt x 271.0125pt>
File: ./Images//unevenTerrain.png Graphic file (type png)
<use ./Images//unevenTerrain.png>
Package pdftex.def Info: ./Images//unevenTerrain.png  used on input line 322.
(pdftex.def)             Requested size: 90.33818pt x 81.30437pt.
<./Images//roughTerrain.png, id=521, 301.125pt x 271.0125pt>
File: ./Images//roughTerrain.png Graphic file (type png)
<use ./Images//roughTerrain.png>
Package pdftex.def Info: ./Images//roughTerrain.png  used on input line 323.
(pdftex.def)             Requested size: 90.33818pt x 81.30437pt.

Underfull \hbox (badness 10000) in paragraph at lines 326--329

 []


Underfull \hbox (badness 10000) in paragraph at lines 335--336

 []

LaTeX Font Info:    External font `cmex10' loaded for size
(Font)              <14.4> on input line 340.

Underfull \hbox (badness 10000) in paragraph at lines 344--345

 []


Underfull \hbox (badness 10000) in paragraph at lines 353--354

 []

[16 <./Images//smoothTerrain.png> <./Images//unevenTerrain.png> <./Images//roug
hTerrain.png>]
<./Images//cpgMirroring.png, id=541, 475.7775pt x 513.92pt>
File: ./Images//cpgMirroring.png Graphic file (type png)
<use ./Images//cpgMirroring.png>
Package pdftex.def Info: ./Images//cpgMirroring.png  used on input line 362.
(pdftex.def)             Requested size: 253.51608pt x 273.84271pt.
<./Images//cpgSerpentine.png, id=542, 342.5297pt x 293.59688pt>
File: ./Images//cpgSerpentine.png Graphic file (type png)
<use ./Images//cpgSerpentine.png>
Package pdftex.def Info: ./Images//cpgSerpentine.png  used on input line 362.
(pdftex.def)             Requested size: 253.51608pt x 217.30756pt.
 [17 <./Images//cpgMirroring.png> <./Images//cpgSerpentine.png>]
<./Images//tailMomentum.png, id=552, 513.92pt x 308.15125pt>
File: ./Images//tailMomentum.png Graphic file (type png)
<use ./Images//tailMomentum.png>
Package pdftex.def Info: ./Images//tailMomentum.png  used on input line 378.
(pdftex.def)             Requested size: 308.35437pt x 184.89217pt.

Underfull \hbox (badness 10000) in paragraph at lines 375--380

 []


Underfull \hbox (badness 10000) in paragraph at lines 403--404

 []


Underfull \hbox (badness 10000) in paragraph at lines 409--412

 []

[18 <./Images//tailMomentum.png>]
Underfull \hbox (badness 10000) in paragraph at lines 413--414

 []

<./Images//legCircleDiagram.png, id=571, 370.38374pt x 400.49625pt>
File: ./Images//legCircleDiagram.png Graphic file (type png)
<use ./Images//legCircleDiagram.png>
Package pdftex.def Info: ./Images//legCircleDiagram.png  used on input line 417
.
(pdftex.def)             Requested size: 211.26126pt x 228.438pt.

Underfull \hbox (badness 10000) in paragraph at lines 418--418

 []


Underfull \hbox (badness 10000) in paragraph at lines 440--441

 []

[19 <./Images//legCircleDiagram.png>]
Underfull \hbox (badness 10000) in paragraph at lines 460--461

 []


Underfull \hbox (badness 10000) in paragraph at lines 462--463

 []

[20]
Underfull \hbox (badness 10000) in paragraph at lines 469--470

 []

<./Images//trappedAlgorithm.png, id=594, 298.11375pt x 323.40825pt>
File: ./Images//trappedAlgorithm.png Graphic file (type png)
<use ./Images//trappedAlgorithm.png>
Package pdftex.def Info: ./Images//trappedAlgorithm.png  used on input line 474
.
(pdftex.def)             Requested size: 149.0565pt x 161.70372pt.

Underfull \hbox (badness 10000) in paragraph at lines 471--476

 []

<./Images//trappedSmooth.png, id=600, 263.48438pt x 248.42813pt>
File: ./Images//trappedSmooth.png Graphic file (type png)
<use ./Images//trappedSmooth.png>
Package pdftex.def Info: ./Images//trappedSmooth.png  used on input line 487.
(pdftex.def)             Requested size: 105.63063pt x 99.59692pt.
<./Images//trappedUneven.png, id=601, 263.48438pt x 248.42813pt>
File: ./Images//trappedUneven.png Graphic file (type png)
<use ./Images//trappedUneven.png>
Package pdftex.def Info: ./Images//trappedUneven.png  used on input line 487.
(pdftex.def)             Requested size: 105.63063pt x 99.59692pt.
<./Images//trappedRough.png, id=602, 263.48438pt x 248.42813pt>
File: ./Images//trappedRough.png Graphic file (type png)
<use ./Images//trappedRough.png>
Package pdftex.def Info: ./Images//trappedRough.png  used on input line 487.
(pdftex.def)             Requested size: 105.63063pt x 99.59692pt.
<./Images//trappedFlat.png, id=603, 263.48438pt x 248.42813pt>
File: ./Images//trappedFlat.png Graphic file (type png)
<use ./Images//trappedFlat.png>
Package pdftex.def Info: ./Images//trappedFlat.png  used on input line 487.
(pdftex.def)             Requested size: 105.63063pt x 99.59692pt.

Underfull \hbox (badness 10000) in paragraph at lines 497--499

 []

[21 <./Images//trappedAlgorithm.png> <./Images//trappedSmooth.png> <./Images//t
rappedUneven.png> <./Images//trappedRough.png> <./Images//trappedFlat.png>]
Underfull \hbox (badness 10000) in paragraph at lines 502--503

 []


Underfull \hbox (badness 10000) in paragraph at lines 504--505

 []

[22]
LaTeX Font Info:    External font `cmex10' loaded for size
(Font)              <17.28> on input line 529.
LaTeX Font Info:    External font `cmex10' loaded for size
(Font)              <12> on input line 529.

Underfull \hbox (badness 10000) in paragraph at lines 535--536

 []


Underfull \hbox (badness 10000) in paragraph at lines 546--547

 []

<./Images//gaPatternIterations.png, id=623, 513.92pt x 392.46625pt>
File: ./Images//gaPatternIterations.png Graphic file (type png)
<use ./Images//gaPatternIterations.png>
Package pdftex.def Info: ./Images//gaPatternIterations.png  used on input line 
555.
(pdftex.def)             Requested size: 253.51608pt x 193.60365pt.
<./Images//gafilteredIterations.png, id=624, 512.91624pt x 395.4775pt>
File: ./Images//gafilteredIterations.png Graphic file (type png)
<use ./Images//gafilteredIterations.png>
Package pdftex.def Info: ./Images//gafilteredIterations.png  used on input line
 555.
(pdftex.def)             Requested size: 253.51608pt x 195.46928pt.

Underfull \hbox (badness 10000) in paragraph at lines 561--563

 []

[23 <./Images//gaPatternIterations.png> <./Images//gafilteredIterations.png>]
<./Images//spherePoints.png, id=656, 513.92pt x 464.73625pt>
File: ./Images//spherePoints.png Graphic file (type png)
<use ./Images//spherePoints.png>
Package pdftex.def Info: ./Images//spherePoints.png  used on input line 571.
(pdftex.def)             Requested size: 126.75804pt x 114.62369pt.

Underfull \hbox (badness 1082) in paragraph at lines 573--573
\OT1/cmr/m/n/10 50$) around a cen-tre point
 []


Underfull \hbox (badness 10000) in paragraph at lines 566--574

 []


Underfull \hbox (badness 1163) in paragraph at lines 574--576
\OT1/cmr/m/it/10 \The Fi-bonacci lat-tice is a sim-ple way to very evenly dis-
 []


Underfull \hbox (badness 3690) in paragraph at lines 574--576
\OT1/cmr/m/n/10 con-structed in a sphere around the robot. The value
 []


Underfull \hbox (badness 1132) in paragraph at lines 574--576
\OT1/cmr/m/n/10 of $\OML/cmm/m/it/10 n$ \OT1/cmr/m/n/10 im-pacted the ef-fi-cac
y of the dy-namic move-ment; too
 []


Underfull \hbox (badness 2809) in paragraph at lines 574--576
\OT1/cmr/m/n/10 low a value of $\OML/cmm/m/it/10 n$ \OT1/cmr/m/n/10 caused the 
robot to oc-ca-sion-ally veer
 []


Underfull \hbox (badness 3895) in paragraph at lines 574--576
\OT1/cmr/m/n/10 off to one side of the in-tended di-rec-tion. Mean-while,
 []


Underfull \hbox (badness 2189) in paragraph at lines 574--576
\OT1/cmr/m/n/10 sulted in the ma-jor-ity of the points con-tain-ing $\OML/cmm/m
/it/10 null$ \OT1/cmr/m/n/10 val-
 []


Underfull \hbox (badness 1968) in paragraph at lines 574--576
\OT1/cmr/m/n/10 ues. $\OML/cmm/m/it/10 n \OT1/cmr/m/n/10 = 50$ was se-lected as
 an ap-pro-pri-ate gran-u-lar-
 []


Underfull \hbox (badness 10000) in paragraph at lines 574--576

 []

<./Images//storingVelocities.png, id=662, 245.41687pt x 253.69781pt>
File: ./Images//storingVelocities.png Graphic file (type png)
<use ./Images//storingVelocities.png>
Package pdftex.def Info: ./Images//storingVelocities.png  used on input line 58
2.
(pdftex.def)             Requested size: 126.75804pt x 131.03326pt.

Underfull \hbox (badness 1824) in paragraph at lines 584--584
\OT1/cmr/m/n/10 rep-re-sents a set of stored
 []


Underfull \hbox (badness 1067) in paragraph at lines 584--584
\OT1/cmr/m/n/10 ve-loc-i-ties for a robot that
 []


Underfull \hbox (badness 3029) in paragraph at lines 584--584
\OT1/cmr/m/n/10 moved left be-fore turn-ing
 []

<./Images//dstFiltered.png, id=663, 303.38344pt x 391.4625pt>
File: ./Images//dstFiltered.png Graphic file (type png)
<use ./Images//dstFiltered.png>
Package pdftex.def Info: ./Images//dstFiltered.png  used on input line 590.
(pdftex.def)             Requested size: 109.85313pt x 141.74472pt.
<./Images//dstFilteredMissing.png, id=664, 306.39468pt x 286.06876pt>
File: ./Images//dstFilteredMissing.png Graphic file (type png)
<use ./Images//dstFilteredMissing.png>
Package pdftex.def Info: ./Images//dstFilteredMissing.png  used on input line 5
91.
(pdftex.def)             Requested size: 151.05121pt x 141.03046pt.

Underfull \hbox (badness 10000) in paragraph at lines 577--596

 []

[24 <./Images//spherePoints.png>]
<./Images//activationFunction.png, id=674, 495.0495pt x 342.078pt>
File: ./Images//activationFunction.png Graphic file (type png)
<use ./Images//activationFunction.png>
Package pdftex.def Info: ./Images//activationFunction.png  used on input line 6
10.
(pdftex.def)             Requested size: 297.03198pt x 205.24837pt.
 [25 <./Images//storingVelocities.png> <./Images//dstFiltered.png> <./Images//d
stFilteredMissing.png>]
Underfull \hbox (badness 10000) in paragraph at lines 615--616

 []

[26 <./Images//activationFunction.png>]
Underfull \hbox (badness 10000) in paragraph at lines 620--621

 []

<./Images//bodyResults.png, id=702, 294.50024pt x 228.25275pt>
File: ./Images//bodyResults.png Graphic file (type png)
<use ./Images//bodyResults.png>
Package pdftex.def Info: ./Images//bodyResults.png  used on input line 629.
(pdftex.def)             Requested size: 211.26126pt x 163.74628pt.
<./Images//tailResults.png, id=704, 295.70474pt x 231.86626pt>
File: ./Images//tailResults.png Graphic file (type png)
<use ./Images//tailResults.png>
Package pdftex.def Info: ./Images//tailResults.png  used on input line 643.
(pdftex.def)             Requested size: 211.26126pt x 165.65219pt.
[27 <./Images//bodyResults.png> <./Images//tailResults.png>]
<./Images//legResults.png, id=716, 259.56975pt x 201.75375pt>
File: ./Images//legResults.png Graphic file (type png)
<use ./Images//legResults.png>
Package pdftex.def Info: ./Images//legResults.png  used on input line 659.
(pdftex.def)             Requested size: 211.26126pt x 164.20773pt.

Underfull \hbox (badness 10000) in paragraph at lines 665--666

 []

<./Images//uniformResults.png, id=719, 291.489pt x 231.264pt>
File: ./Images//uniformResults.png Graphic file (type png)
<use ./Images//uniformResults.png>
Package pdftex.def Info: ./Images//uniformResults.png  used on input line 672.
(pdftex.def)             Requested size: 211.26126pt x 167.61446pt.

Underfull \hbox (badness 1178) in paragraph at lines 677--681
\OT1/cmr/m/n/10 The re-sults, shown in []Fig-ure 22[][], sug-gest
 []


Underfull \hbox (badness 1122) in paragraph at lines 677--681
\OT1/cmr/m/n/10 The abil-ity to force a uni-form body was
 []


Underfull \hbox (badness 10000) in paragraph at lines 677--681

 []

<./Images//mutationTypes.png, id=721, 410.13225pt x 287.27325pt>
File: ./Images//mutationTypes.png Graphic file (type png)
<use ./Images//mutationTypes.png>
Package pdftex.def Info: ./Images//mutationTypes.png  used on input line 687.
(pdftex.def)             Requested size: 211.26126pt x 147.97586pt.
<./Images//recombinationTypes.png, id=724, 425.79076pt x 302.3295pt>
File: ./Images//recombinationTypes.png Graphic file (type png)
<use ./Images//recombinationTypes.png>
Package pdftex.def Info: ./Images//recombinationTypes.png  used on input line 6
99.
(pdftex.def)             Requested size: 211.26126pt x 150.00645pt.
[28 <./Images//legResults.png> <./Images//uniformResults.png> <./Images//mutati
onTypes.png>]
Underfull \hbox (badness 1052) in paragraph at lines 704--709
\OT1/cmr/m/n/10 for-mance with \OT1/cmr/m/it/10 Per-for-mance \OT1/cmr/m/n/10 r
e-com-bi-na-tion.
 []


Underfull \hbox (badness 10000) in paragraph at lines 704--709

 []


Underfull \hbox (badness 10000) in paragraph at lines 710--712

 []

[29 <./Images//recombinationTypes.png>]
<./Images//dstResults.png, id=745, 935.29425pt x 228.855pt>
File: ./Images//dstResults.png Graphic file (type png)
<use ./Images//dstResults.png>
Package pdftex.def Info: ./Images//dstResults.png  used on input line 719.
(pdftex.def)             Requested size: 514.41342pt x 125.87062pt.

Underfull \hbox (badness 10000) in paragraph at lines 723--724

 []


Underfull \hbox (badness 10000) in paragraph at lines 729--730

 []

<./Images//multipleTerrains.png, id=746, 396.48125pt x 304.13625pt>
File: ./Images//multipleTerrains.png Graphic file (type png)
<use ./Images//multipleTerrains.png>
Package pdftex.def Info: ./Images//multipleTerrains.png  used on input line 734
.
(pdftex.def)             Requested size: 317.18542pt x 243.30933pt.
[30 <./Images//dstResults.png>]
Underfull \hbox (badness 10000) in paragraph at lines 738--741

 []

<./Images//best-above.png, id=753, 158.39175pt x 224.037pt>
File: ./Images//best-above.png Graphic file (type png)
<use ./Images//best-above.png>
Package pdftex.def Info: ./Images//best-above.png  used on input line 747.
(pdftex.def)             Requested size: 84.5032pt x 119.5253pt.
<./Images//best-side.png, id=754, 217.41225pt x 175.857pt>
File: ./Images//best-side.png Graphic file (type png)
<use ./Images//best-side.png>
Package pdftex.def Info: ./Images//best-side.png  used on input line 747.
(pdftex.def)             Requested size: 147.88545pt x 119.62141pt.
[31 <./Images//multipleTerrains.png> <./Images//best-above.png> <./Images//best
-side.png>] [32]
Underfull \hbox (badness 10000) in paragraph at lines 760--761

 []


Underfull \hbox (badness 10000) in paragraph at lines 762--763

 []


Underfull \hbox (badness 10000) in paragraph at lines 764--766

 []


Underfull \hbox (badness 10000) in paragraph at lines 767--768

 []

[33] (main.bbl
Underfull \hbox (badness 10000) in paragraph at lines 11--17
[]$\OT1/cmtt/m/n/10 https : / / www . thebhs . org / publications / the-[]herpe
tological-[]bulletin /
 []


Overfull \hbox (242.97182pt too wide) in paragraph at lines 43--50
[]$\OT1/cmtt/m/n/10 https : / / towardsdatascience . com / reinforcement-[]lear
ning-[]without-[]gradients-[]evolving-[]agents-[]using-[]genetic-[]algorithms-[
]8685817d84f$[] 
 []


Underfull \hbox (badness 10000) in paragraph at lines 94--100
[]$\OT1/cmtt/m/n/10 https : / / www . researchgate . net / publication / 112877
64 _ Dynamic _ field _ theory _ of _
 []

[34]
Underfull \hbox (badness 10000) in paragraph at lines 102--108
[]$\OT1/cmtt/m/n/10 https : / / monoskop . org / images / 9 / 9c / Simon _ Herb
ert _ A _ The _ Sciences _ of _ the _
 []


Overfull \hbox (266.47163pt too wide) in paragraph at lines 169--176
[]$\OT1/cmtt/m/n/10 http : / / extremelearning . com . au / how-[]to-[]evenly-[
]distribute-[]points-[]on-[]a-[]sphere-[]more-[]effectively-[]than-[]the-[]cano
nical-[]fibonacci-[]lattice/$[] 
 []

[35]) (soft.bbl
Underfull \hbox (badness 10000) in paragraph at lines 57--63
[]$\OT1/cmtt/m/n/10 https : / / assetstore . unity . com / packages / tools / u
tilities /
 []

[36]
Underfull \hbox (badness 10000) in paragraph at lines 93--99
[]$\OT1/cmtt/m/n/10 https : / / docs . unity3d . com / Packages / com . unity .
 testtools . codecoverage @ 1 . 1 / manual /
 []


Underfull \hbox (badness 10000) in paragraph at lines 116--122
[]$\OT1/cmtt/m/n/10 https : / / docs . unity3d . com / Packages / com . unity .
 test-[]framework @ 1 . 1 / manual / index .
 []


Underfull \hbox (badness 10000) in paragraph at lines 124--130
[]$\OT1/cmtt/m/n/10 https : / / docs . microsoft . com / en-[]us / visualstudio
 / releases / 2019 / release-[]notes-[]v16 .
 []


Underfull \hbox (badness 10000) in paragraph at lines 132--138
[]$\OT1/cmtt/m/n/10 https : / / assetstore . unity . com / packages / 2d / text
ures-[]materials / metals /
 []

) (code.bbl
Overfull \hbox (20.97374pt too wide) in paragraph at lines 4--10
[]$\OT1/cmtt/m/n/10 https : / / answers . unity . com / questions / 532297 / ro
tate-[]a-[]vector-[]around-[]a-[]certain-[]point .
 []


Overfull \hbox (89.22314pt too wide) in paragraph at lines 12--18
[]$\OT1/cmtt/m/n/10 https : / / answers . unity . com / questions / 1072318 / r
andomrange-[]always-[]generates-[]the-[]exact-[]same-[]number .
 []

[37]
Overfull \hbox (132.72278pt too wide) in paragraph at lines 34--40
[]$\OT1/cmtt/m/n/10 https : / / gamedev . stackexchange . com / questions / 110
958 / what-[]is-[]the-[]proper-[]way-[]to-[]handle-[]data-[]between-[]scenes$[]
 
 []


Overfull \hbox (212.47209pt too wide) in paragraph at lines 57--64
[]$\OT1/cmtt/m/n/10 https : / / math . stackexchange . com / questions / 300724
3 / plot-[]points-[]around-[]circumference-[]of-[]circle-[]in-[]3d-[]space-[]gi
ven-[]3-[]points$[] 
 []


Overfull \hbox (164.7225pt too wide) in paragraph at lines 74--80
[]$\OT1/cmtt/m/n/10 https : / / stackoverflow . com / questions / 48461267 / un
ity-[]how-[]two-[]objects-[]with-[]rigidbody-[]can-[]pass-[]through-[]each-[]ot
her$[] 
 []


Overfull \hbox (31.47365pt too wide) in paragraph at lines 90--96
[]$\OT1/cmtt/m/n/10 https : / / stackoverflow . com / questions / 9600801 / eve
nly-[]distributing-[]n-[]points-[]on-[]a-[]sphere$[] 
 []


Overfull \hbox (74.47328pt too wide) in paragraph at lines 98--104
[]$\OT1/cmtt/m/n/10 https : / / stackoverflow . com / questions / 40869566 / ho
w-[]to-[]change-[]objects-[]layer-[]at-[]runtime-[]in-[]unity$[] 
 []


Overfull \hbox (145.22269pt too wide) in paragraph at lines 106--112
[]$\OT1/cmtt/m/n/10 https : / / stackoverflow . com / questions / 65794490 / un
ity3d-[]check-[]if-[]a-[]point-[]is-[]to-[]the-[]left-[]or-[]right-[]of-[]a-[]v
ector$[] 
 []


Underfull \hbox (badness 10000) in paragraph at lines 114--120
[]$\OT1/cmtt/m/n/10 https : / / docs . microsoft . com / en-[]us / dotnet / api
 / system . io . streamreader ? view = net-[]6 .
 []

[38]
Overfull \hbox (41.47356pt too wide) in paragraph at lines 138--144
[]$\OT1/cmtt/m/n/10 https : / / answers . unity . com / questions / 1677930 / u
pdate-[]vs-[]fixedupdate-[]for-[]object-[]rotation .
 []


Overfull \hbox (84.47319pt too wide) in paragraph at lines 161--167
[]$\OT1/cmtt/m/n/10 https : / / stackoverflow . com / questions / 6219454 / eff
icient-[]way-[]to-[]remove-[]all-[]whitespace-[]from-[]string$[] 
 []


Overfull \hbox (15.22379pt too wide) in paragraph at lines 205--211
[]$\OT1/cmtt/m/n/10 https : / / tex . stackexchange . com / questions / 405195 
/ change-[]the-[]length-[]of-[]footnote-[]line$[] 
 []


Overfull \hbox (144.72269pt too wide) in paragraph at lines 213--219
[]$\OT1/cmtt/m/n/10 https : / / medium . com / luna-[]labs-[]ltd / luna-[]tech-
[]series-[]a-[]deep-[]dive-[]into-[]unity-[]configurable-[]joints-[]96c49138b9b
7$[] 
 []

) [39]
Underfull \hbox (badness 10000) in paragraph at lines 786--789

 []


Overfull \hbox (24.22359pt too wide) in paragraph at lines 795--797
[]$\OT1/cmtt/m/n/10 https : / / docs . google . com / document / d / 17SvBZN9ct
ZutAxGG5i6fcNnbd7-[]2hrrye14ARTxWUa4 / edit ?
 []

[40] (Second Draft.aux)
Package rerunfilecheck Info: File `"Second Draft".out' has not changed.
(rerunfilecheck)             Checksum: EDFE123F512F7B5ED7A840620E244F34;7269.
 ) 
Here is how much of TeX's memory you used:
 11335 strings out of 478659
 187451 string characters out of 2845920
 506267 words of memory out of 3000000
 29079 multiletter control sequences out of 15000+600000
 410845 words of font info for 52 fonts, out of 8000000 for 9000
 1141 hyphenation exceptions out of 8191
 60i,12n,63p,1414b,534s stack positions out of 5000i,500n,10000p,200000b,80000s
 <C:\Users\Molly\AppData\Local\MiKTeX\fonts/pk/ljfour/jknappen/ec/dpi600\tcrm
1000.pk><C:/Users/Molly/AppData/Local/Programs/MiKTeX/fonts/type1/public/amsfon
ts/cm/cmbx10.pfb><C:/Users/Molly/AppData/Local/Programs/MiKTeX/fonts/type1/publ
ic/amsfonts/cm/cmbx12.pfb><C:/Users/Molly/AppData/Local/Programs/MiKTeX/fonts/t
ype1/public/amsfonts/cm/cmex10.pfb><C:/Users/Molly/AppData/Local/Programs/MiKTe
X/fonts/type1/public/amsfonts/cm/cmmi10.pfb><C:/Users/Molly/AppData/Local/Progr
ams/MiKTeX/fonts/type1/public/amsfonts/cm/cmmi12.pfb><C:/Users/Molly/AppData/Lo
cal/Programs/MiKTeX/fonts/type1/public/amsfonts/cm/cmmi7.pfb><C:/Users/Molly/Ap
pData/Local/Programs/MiKTeX/fonts/type1/public/amsfonts/cm/cmr10.pfb><C:/Users/
Molly/AppData/Local/Programs/MiKTeX/fonts/type1/public/amsfonts/cm/cmr12.pfb><C
:/Users/Molly/AppData/Local/Programs/MiKTeX/fonts/type1/public/amsfonts/cm/cmr6
.pfb><C:/Users/Molly/AppData/Local/Programs/MiKTeX/fonts/type1/public/amsfonts/
cm/cmr7.pfb><C:/Users/Molly/AppData/Local/Programs/MiKTeX/fonts/type1/public/am
sfonts/cm/cmsy10.pfb><C:/Users/Molly/AppData/Local/Programs/MiKTeX/fonts/type1/
public/amsfonts/cm/cmsy7.pfb><C:/Users/Molly/AppData/Local/Programs/MiKTeX/font
s/type1/public/amsfonts/cm/cmti10.pfb><C:/Users/Molly/AppData/Local/Programs/Mi
KTeX/fonts/type1/public/amsfonts/cm/cmtt10.pfb><C:/Users/Molly/AppData/Local/Pr
ograms/MiKTeX/fonts/type1/public/amsfonts/cm/cmtt8.pfb>
Output written on "Second Draft.pdf" (40 pages, 3518952 bytes).
PDF statistics:
 1048 PDF objects out of 1200 (max. 8388607)
 218 named destinations out of 1000 (max. 500000)
 613 words of extra memory for PDF output out of 10000 (max. 10000000)

